        -:    0:Source:grep.c
        -:    0:Graph:grep.gcno
        -:    0:Data:grep.gcda
        -:    0:Runs:1
        -:    0:Programs:1
        -:    1:/* grep.c - main driver file for grep.
        -:    2:   Copyright (C) 1992 Free Software Foundation, Inc.
        -:    3:
        -:    4:   This program is free software; you can redistribute it and/or modify
        -:    5:   it under the terms of the GNU General Public License as published by
        -:    6:   the Free Software Foundation; either version 2, or (at your option)
        -:    7:   any later version.
        -:    8:
        -:    9:   This program is distributed in the hope that it will be useful,
        -:   10:   but WITHOUT ANY WARRANTY; without even the implied warranty of
        -:   11:   MERCHANTABILITY or FITNESS FOR A PARTICULAR PURPOSE.  See the
        -:   12:   GNU General Public License for more details.
        -:   13:
        -:   14:   You should have received a copy of the GNU General Public License
        -:   15:   along with this program; if not, write to the Free Software
        -:   16:   Foundation, Inc., 675 Mass Ave, Cambridge, MA 02139, USA.
        -:   17:
        -:   18:   Written July 1992 by Mike Haertel.  */
        -:   19:
        -:   20:/* I added a series define from makefile here in order to run cfe */
        -:   21:#define GREP 1
        -:   22:#define STDC_HEADERS 1
        -:   23:#define HAVE_STRING_H 1
        -:   24:#define HAVE_SYS_PARAM_H 1
        -:   25:#define HAVE_UNISTD_H 1
        -:   26:#define HAVE_ALLOCA_H 1
        -:   27:#define HAVE_GETPAGESIZE 1
        -:   28:#define HAVE_MEMCHR 1
        -:   29:#define HAVE_STRERROR 1
        -:   30:#define HAVE_VALLOC 1
        -:   31:#define HAVE_WORKING_MMAP 1
        -:   32:#define LINUX 1
        -:   33:/*** end of cfe purpose **/
        -:   34:
        -:   35:#include <errno.h>
        -:   36:#include <stdio.h>
        -:   37:
        -:   38:/*******IMPORTANT CHANGE for let stderr redirect to a file *******/
        -:   39:#undef stderr
        -:   40:#define stderr stdout
        -:   41:/******* FINISH IMPORTANT CHANGE *********/
        -:   42:
        -:   43:#ifndef errno
        -:   44:extern int errno;
        -:   45:#endif
        -:   46:
        -:   47:#ifdef STDC_HEADERS
        -:   48:#include <stdlib.h>
        -:   49:#define flag_stdlib 1
        -:   50:#else
        -:   51:#include <sys/types.h>
        -:   52:#define flag_systypes 1
        -:   53:extern char *malloc(), *realloc();
        -:   54:extern void free();
        -:   55:#endif
        -:   56:
        -:   57:#if defined(STDC_HEADERS) || defined(HAVE_STRING_H)
        -:   58:#include <string.h>
        -:   59:#define flag_string 1
        -:   60:#ifdef NEED_MEMORY_H
        -:   61:#include <memory.h>
        -:   62:#define flag_memory 1
        -:   63:#endif
        -:   64:#else
        -:   65:#include <strings.h>
        -:   66:#define flag_strings 1
        -:   67:#ifdef __STDC__
        -:   68:extern void *memchr();
        -:   69:#else
        -:   70:extern char *memchr();
        -:   71:#endif
        -:   72:#define strrchr rindex
        -:   73:#endif
        -:   74:
        -:   75:#ifdef HAVE_UNISTD_H
        -:   76:#if flag_systypes==0
        -:   77:#include <sys/types.h>
        -:   78:#define flag_systypes 1
        -:   79:#endif
        -:   80:#include <fcntl.h>
        -:   81:#include <unistd.h>
        -:   82:#else
        -:   83:#define O_RDONLY 0
        -:   84:extern int open(), read(), close();
        -:   85:#endif
        -:   86:
        -:   87:#include "getpagesize.h"
        -:   88:#include "grep.h"
        -:   89:#include "/home/cheong/afl-2.52b/experimental/argv_fuzzing/argv-fuzz-inl.h"
        -:   90:
        -:   91:#undef MAX
        -:   92:#define MAX(A,B) ((A) > (B) ? (A) : (B))
        -:   93:
        -:   94:/* Provide missing ANSI features if necessary. */
        -:   95:
        -:   96:#ifndef HAVE_STRERROR
        -:   97:extern int sys_nerr;
        -:   98:extern char *sys_errlist[];
        -:   99:#define strerror(E) ((E) < sys_nerr ? sys_errlist[(E)] : "bogus error number")
        -:  100:#endif
        -:  101:
        -:  102:#ifndef HAVE_MEMCHR
        -:  103:#ifdef __STDC__
        -:  104:#define VOID void
        -:  105:#else
        -:  106:#define VOID char
        -:  107:#endif
        -:  108:VOID *
        -:  109:memchr(vp, c, n)
        -:  110:     VOID *vp;
        -:  111:     int c;
        -:  112:     size_t n;
        -:  113:{
        -:  114:  unsigned char *p;
        -:  115:
        -:  116:  for (p = (unsigned char *) vp; n--; ++p)
        -:  117:    if (*p == c)
        -:  118:      return (VOID *) p;
        -:  119:  return 0;
        -:  120:}
        -:  121:#endif
        -:  122:    
        -:  123:/* Define flags declared in grep.h. */
        -:  124:char *matcher;
        -:  125:int match_icase;
        -:  126:int match_words;
        -:  127:int match_lines;
        -:  128:
        -:  129:/* Functions we'll use to search. */
        -:  130:static void (*compile)();
        -:  131:static char *(*execute)();
        -:  132:
        -:  133:/* For error messages. */
        -:  134:static char *prog;
        -:  135:static char *filename;
        -:  136:static int errseen;
        -:  137:
        -:  138:/* Print a message and possibly an error string.  Remember
        -:  139:   that something awful happened. */
        -:  140:static void
    #####:  141:error(mesg, errnum)
        -:  142:#ifdef __STDC__
        -:  143:     const
        -:  144:#endif
        -:  145:     char *mesg;
        -:  146:     int errnum;
        -:  147:{
    #####:  148:  if (errnum)
    #####:  149:    fprintf(stderr, "%s: %s: %s\n", prog, mesg, strerror(errnum));
        -:  150:  else
    #####:  151:    fprintf(stderr, "%s: %s\n", prog, mesg);
    #####:  152:  errseen = 1;
    #####:  153:}
        -:  154:
        -:  155:/* Like error(), but die horribly after printing. */
        -:  156:void
    #####:  157:fatal(mesg, errnum)
        -:  158:#ifdef __STDC__
        -:  159:     const
        -:  160:#endif
        -:  161:     char *mesg;
        -:  162:     int errnum;
        -:  163:{
    #####:  164:  error(mesg, errnum);
    #####:  165:  exit(2);
        -:  166:}
        -:  167:
        -:  168:/* Interface to handle errors and fix library lossage. */
        -:  169:char *
    #####:  170:xmalloc(size)
        -:  171:     size_t size;
        -:  172:{
        -:  173:  char *result;
        -:  174:
    #####:  175:  result = malloc(size);
    #####:  176:  if (size && !result)
    #####:  177:    fatal("memory exhausted", 0);
    #####:  178:  return result;
        -:  179:}
        -:  180:
        -:  181:/* Interface to handle errors and fix some library lossage. */
        -:  182:char *
    #####:  183:xrealloc(ptr, size)
        -:  184:     char *ptr;
        -:  185:     size_t size;
        -:  186:{
        -:  187:  char *result;
        -:  188:
    #####:  189:  if (ptr)
    #####:  190:    result = realloc(ptr, size);
        -:  191:  else
    #####:  192:    result = malloc(size);
    #####:  193:  if (size && !result)
    #####:  194:    fatal("memory exhausted", 0);
    #####:  195:  return result;
        -:  196:}
        -:  197:
        -:  198:#if !defined(HAVE_VALLOC)
        -:  199:#define valloc malloc
        -:  200:#else
        -:  201:#ifdef __STDC__
        -:  202:extern void *valloc(size_t);
        -:  203:#else
        -:  204:extern char *valloc();
        -:  205:#endif
        -:  206:#endif
        -:  207:
        -:  208:/* Hairy buffering mechanism for grep.  The intent is to keep
        -:  209:   all reads aligned on a page boundary and multiples of the
        -:  210:   page size. */
        -:  211:
        -:  212:static char *buffer;		/* Base of buffer. */
        -:  213:static size_t bufsalloc;	/* Allocated size of buffer save region. */
        -:  214:static size_t bufalloc;		/* Total buffer size. */
        -:  215:static int bufdesc;		/* File descriptor. */
        -:  216:static char *bufbeg;		/* Beginning of user-visible stuff. */
        -:  217:static char *buflim;		/* Limit of user-visible stuff. */
        -:  218:
        -:  219:#if defined(HAVE_WORKING_MMAP)
        -:  220:#if flag_systypes==0
        -:  221:#include <sys/types.h>
        -:  222:#define flag_systypes 1
        -:  223:#endif
        -:  224:#include <sys/stat.h>
        -:  225:#include <sys/mman.h>
        -:  226:
        -:  227:static int bufmapped;		/* True for ordinary files. */
        -:  228:static struct stat bufstat;	/* From fstat(). */
        -:  229:static off_t bufoffset;		/* What read() normally remembers. */
        -:  230:#endif
        -:  231:
        -:  232:/* Reset the buffer for a new file.  Initialize
        -:  233:   on the first time through. */
        -:  234:void
    #####:  235:reset(fd)
        -:  236:     int fd;
        -:  237:{
        -:  238:  static int initialized;
        -:  239:
    #####:  240:  if (!initialized)
        -:  241:    {
    #####:  242:      initialized = 1;
        -:  243:#ifndef BUFSALLOC
    #####:  244:      bufsalloc = MAX(8192, getpagesize());
        -:  245:#else
        -:  246:      bufsalloc = BUFSALLOC;
        -:  247:#endif
    #####:  248:      bufalloc = 5 * bufsalloc;
        -:  249:      /* The 1 byte of overflow is a kludge for dfaexec(), which
        -:  250:	 inserts a sentinel newline at the end of the buffer
        -:  251:	 being searched.  There's gotta be a better way... */
    #####:  252:      buffer = valloc(bufalloc + 1);
    #####:  253:      if (!buffer)
    #####:  254:	fatal("memory exhausted", 0);
    #####:  255:      bufbeg = buffer;
    #####:  256:      buflim = buffer;
        -:  257:    }
    #####:  258:  bufdesc = fd;
        -:  259:#if defined(HAVE_WORKING_MMAP)
    #####:  260:  if (fstat(fd, &bufstat) < 0 || !S_ISREG(bufstat.st_mode))
    #####:  261:    bufmapped = 0;
        -:  262:  else
        -:  263:    {
    #####:  264:      bufmapped = 1;
    #####:  265:      bufoffset = lseek(fd, 0, 1);
        -:  266:    }
        -:  267:#endif
    #####:  268:}
        -:  269:
        -:  270:/* Read new stuff into the buffer, saving the specified
        -:  271:   amount of old stuff.  When we're done, 'bufbeg' points
        -:  272:   to the beginning of the buffer contents, and 'buflim'
        -:  273:   points just after the end.  Return count of new stuff. */
        -:  274:static int
    #####:  275:fillbuf(save)
        -:  276:     size_t save;
        -:  277:{
        -:  278:  char *nbuffer, *dp, *sp;
        -:  279:  int cc;
        -:  280:#if defined(HAVE_WORKING_MMAP)
        -:  281:  caddr_t maddr;
        -:  282:#endif
        -:  283:  static int pagesize;
        -:  284:
    #####:  285:  if (pagesize == 0 && (pagesize = getpagesize()) == 0)
    #####:  286:    abort();
        -:  287:
    #####:  288:  if (save > bufsalloc)
        -:  289:    {
    #####:  290:      while (save > bufsalloc)
    #####:  291:	bufsalloc *= 2;
    #####:  292:      bufalloc = 5 * bufsalloc;
    #####:  293:      nbuffer = valloc(bufalloc + 1);
    #####:  294:      if (!nbuffer)
    #####:  295:	fatal("memory exhausted", 0);
        -:  296:    }
        -:  297:  else
    #####:  298:    nbuffer = buffer;
        -:  299:
    #####:  300:  sp = buflim - save;
    #####:  301:  dp = nbuffer + bufsalloc - save;
    #####:  302:  bufbeg = dp;
    #####:  303:  while (save--)
    #####:  304:    *dp++ = *sp++;
        -:  305:
        -:  306:  /* We may have allocated a new, larger buffer.  Since
        -:  307:     there is no portable vfree(), we just have to forget
        -:  308:     about the old one.  Sorry. */
    #####:  309:  buffer = nbuffer;
        -:  310:
        -:  311:#if defined(HAVE_WORKING_MMAP)
    #####:  312:  if (bufmapped && bufoffset % pagesize == 0
    #####:  313:      && bufstat.st_size - bufoffset >= bufalloc - bufsalloc)
        -:  314:    {
    #####:  315:      maddr = buffer + bufsalloc;
    #####:  316:      maddr = mmap(maddr, bufalloc - bufsalloc, PROT_READ | PROT_WRITE,
        -:  317:		   MAP_PRIVATE | MAP_FIXED, bufdesc, bufoffset);
    #####:  318:      if (maddr == (caddr_t) -1)
        -:  319:	{
    #####:  320:	  fprintf(stderr, "%s: warning: %s: %s\n", filename,
    #####:  321:		  strerror(errno));
    #####:  322:	  goto tryread;
        -:  323:	}
        -:  324:#if 0
        -:  325:      /* You might thing this (or MADV_WILLNEED) would help,
        -:  326:	 but it doesn't, at least not on a Sun running 4.1.
        -:  327:	 In fact, it actually slows us down about 30%! */
        -:  328:      madvise(maddr, bufalloc - bufsalloc, MADV_SEQUENTIAL);
        -:  329:#endif
    #####:  330:      cc = bufalloc - bufsalloc;
    #####:  331:      bufoffset += cc;
        -:  332:    }
        -:  333:  else
        -:  334:    {
        -:  335:    tryread:
        -:  336:      /* We come here when we're not going to use mmap() any more.
        -:  337:	 Note that we need to synchronize the file offset the
        -:  338:	 first time through. */
    #####:  339:      if (bufmapped)
        -:  340:	{
    #####:  341:	  bufmapped = 0;
    #####:  342:	  lseek(bufdesc, bufoffset, 0);
        -:  343:	}
    #####:  344:      cc = read(bufdesc, buffer + bufsalloc, bufalloc - bufsalloc);
        -:  345:    }
        -:  346:#else
        -:  347:  cc = read(bufdesc, buffer + bufsalloc, bufalloc - bufsalloc);
        -:  348:#endif
    #####:  349:  if (cc > 0)
    #####:  350:    buflim = buffer + bufsalloc + cc;
        -:  351:  else
    #####:  352:    buflim = buffer + bufsalloc;
    #####:  353:  return cc;
        -:  354:}
        -:  355:
        -:  356:/* Flags controlling the style of output. */
        -:  357:static int out_quiet;		/* Suppress all normal output. */
        -:  358:static int out_invert;		/* Print nonmatching stuff. */
        -:  359:static int out_file;		/* Print filenames. */
        -:  360:static int out_line;		/* Print line numbers. */
        -:  361:static int out_byte;		/* Print byte offsets. */
        -:  362:static int out_before;		/* Lines of leading context. */
        -:  363:static int out_after;		/* Lines of trailing context. */
        -:  364:
        -:  365:/* Internal variables to keep track of byte count, context, etc. */
        -:  366:static size_t totalcc;		/* Total character count before bufbeg. */
        -:  367:static char *lastnl;		/* Pointer after last newline counted. */
        -:  368:static char *lastout;		/* Pointer after last character output;
        -:  369:				   NULL if no character has been output
        -:  370:				   or if it's conceptually before bufbeg. */
        -:  371:static size_t totalnl;		/* Total newline count before lastnl. */
        -:  372:static int pending;		/* Pending lines of output. */
        -:  373:
        -:  374:static void
    #####:  375:nlscan(lim)
        -:  376:     char *lim;
        -:  377:{
        -:  378:  char *beg;
        -:  379:
    #####:  380:  for (beg = lastnl; beg < lim; ++beg)
    #####:  381:    if (*beg == '\n')
    #####:  382:      ++totalnl;
    #####:  383:  lastnl = beg;
    #####:  384:}
        -:  385:
        -:  386:static void
    #####:  387:prline(beg, lim, sep)
        -:  388:     char *beg;
        -:  389:     char *lim;
        -:  390:     char sep;
        -:  391:{
    #####:  392:  if (out_file)
    #####:  393:    printf("%s%c", filename, sep);
    #####:  394:  if (out_line)
        -:  395:    {
    #####:  396:      nlscan(beg);
    #####:  397:      printf("%d%c", ++totalnl, sep);
    #####:  398:      lastnl = lim;
        -:  399:    }
    #####:  400:  if (out_byte)
    #####:  401:    printf("%lu%c", totalcc + (beg - bufbeg), sep);
    #####:  402:  fwrite(beg, 1, lim - beg, stdout);
    #####:  403:  if (ferror(stdout))
    #####:  404:    error("writing output", errno);
    #####:  405:  lastout = lim;
    #####:  406:}
        -:  407:
        -:  408:/* Print pending lines of trailing context prior to LIM. */
        -:  409:static void
    #####:  410:prpending(lim)
        -:  411:     char *lim;
        -:  412:{
        -:  413:  char *nl;
        -:  414:
    #####:  415:  if (!lastout)
    #####:  416:    lastout = bufbeg;
    #####:  417:  while (pending > 0 && lastout < lim)
        -:  418:    {
    #####:  419:      --pending;
    #####:  420:      if ((nl = memchr(lastout, '\n', lim - lastout)) != 0)
    #####:  421:	++nl;
        -:  422:      else
    #####:  423:	nl = lim;
    #####:  424:      prline(lastout, nl, '-');
        -:  425:    }
    #####:  426:}
        -:  427:
        -:  428:/* Print the lines between BEG and LIM.  Deal with context crap.
        -:  429:   If NLINESP is non-null, store a count of lines between BEG and LIM. */
        -:  430:static void
    #####:  431:prtext(beg, lim, nlinesp)
        -:  432:     char *beg;
        -:  433:     char *lim;
        -:  434:     int *nlinesp;
        -:  435:{
        -:  436:  static int used;		/* avoid printing "--" before any output */
        -:  437:  char *bp, *p, *nl;
        -:  438:  int i, n;
        -:  439:
    #####:  440:  if (!out_quiet && pending > 0)
    #####:  441:    prpending(beg);
        -:  442:
    #####:  443:  p = beg;
        -:  444:
    #####:  445:  if (!out_quiet)
        -:  446:    {
        -:  447:      /* Deal with leading context crap. */
        -:  448:
    #####:  449:      bp = lastout ? lastout : bufbeg;
    #####:  450:      for (i = 0; i < out_before; ++i)
    #####:  451:	if (p > bp)
        -:  452:	  do
    #####:  453:	    --p;
    #####:  454:	  while (p > bp && p[-1] != '\n');
        -:  455:
        -:  456:      /* We only print the "--" separator if our output is
        -:  457:	 discontiguous from the last output in the file. */
    #####:  458:      if ((out_before || out_after) && used && p != lastout)
    #####:  459:	puts("--");
        -:  460:
    #####:  461:      while (p < beg)
        -:  462:	{
    #####:  463:	  nl = memchr(p, '\n', beg - p);
    #####:  464:	  prline(p, nl + 1, '-');
    #####:  465:	  p = nl + 1;
        -:  466:	}
        -:  467:    }
        -:  468:
    #####:  469:  if (nlinesp)
        -:  470:    {
        -:  471:      /* Caller wants a line count. */
    #####:  472:      for (n = 0; p < lim; ++n)
        -:  473:	{
    #####:  474:	  if ((nl = memchr(p, '\n', lim - p)) != 0)
    #####:  475:	    ++nl;
        -:  476:	  else
    #####:  477:	    nl = lim;
    #####:  478:	  if (!out_quiet)
    #####:  479:	    prline(p, nl, ':');
    #####:  480:	  p = nl;
        -:  481:	}
    #####:  482:      *nlinesp = n;
        -:  483:    }
        -:  484:  else
    #####:  485:    if (!out_quiet)
    #####:  486:      prline(beg, lim, ':');
        -:  487:
    #####:  488:  pending = out_after;
    #####:  489:  used = 1;
    #####:  490:}
        -:  491:
        -:  492:/* Scan the specified portion of the buffer, matching lines (or
        -:  493:   between matching lines if OUT_INVERT is true).  Return a count of
        -:  494:   lines printed. */
        -:  495:static int
    #####:  496:grepbuf(beg, lim)
        -:  497:     char *beg;
        -:  498:     char *lim;
        -:  499:{
        -:  500:  int nlines, n;
        -:  501:  register char *p, *b;
        -:  502:  char *endp;
        -:  503:
    #####:  504:  nlines = 0;
    #####:  505:  p = beg;
    #####:  506:  while ((b = (*execute)(p, lim - p, &endp)) != 0)
        -:  507:    {
        -:  508:      /* Avoid matching the empty line at the end of the buffer. */
    #####:  509:      if (b == lim && ((b > beg && b[-1] == '\n') || b == beg))
        -:  510:	break;
    #####:  511:      if (!out_invert)
        -:  512:	{
    #####:  513:	  prtext(b, endp, (int *) 0);
    #####:  514:	  nlines += 1;
        -:  515:	}
    #####:  516:      else if (p < b)
        -:  517:	{
    #####:  518:	  prtext(p, b, &n);
    #####:  519:	  nlines += n;
        -:  520:	}
    #####:  521:      p = endp;
        -:  522:    }
    #####:  523:  if (out_invert && p < lim)
        -:  524:    {
    #####:  525:      prtext(p, lim, &n);
    #####:  526:      nlines += n;
        -:  527:    }
    #####:  528:  return nlines;
        -:  529:}
        -:  530:
        -:  531:/* Search a given file.  Return a count of lines printed. */
        -:  532:static int
    #####:  533:grep(fd)
        -:  534:     int fd;
        -:  535:{
        -:  536:  int nlines, i;
        -:  537:  size_t residue, save;
        -:  538:  char *beg, *lim;
        -:  539:
    #####:  540:  reset(fd);
        -:  541:
    #####:  542:  totalcc = 0;
    #####:  543:  lastout = 0;
    #####:  544:  totalnl = 0;
    #####:  545:  pending = 0;
        -:  546:
    #####:  547:  nlines = 0;
    #####:  548:  residue = 0;
    #####:  549:  save = 0;
        -:  550:
        -:  551:  for (;;)
        -:  552:    {
    #####:  553:      if (fillbuf(save) < 0)
        -:  554:	{
    #####:  555:	  error(filename, errno);
    #####:  556:	  return nlines;
        -:  557:	}
    #####:  558:      lastnl = bufbeg;
    #####:  559:      if (lastout)
    #####:  560:	lastout = bufbeg;
    #####:  561:      if (buflim - bufbeg == save)
    #####:  562:	break;
    #####:  563:      beg = bufbeg + save - residue;
    #####:  564:      for (lim = buflim; lim > beg && lim[-1] != '\n'; --lim)
        -:  565:	;
    #####:  566:      residue = buflim - lim;
    #####:  567:      if (beg < lim)
        -:  568:	{
    #####:  569:	  nlines += grepbuf(beg, lim);
    #####:  570:	  if (pending)
    #####:  571:	    prpending(lim);
        -:  572:	}
    #####:  573:      i = 0;
    #####:  574:      beg = lim;
    #####:  575:      while (i < out_before && beg > bufbeg && beg != lastout)
        -:  576:	{
    #####:  577:	  ++i;
        -:  578:	  do
    #####:  579:	    --beg;
    #####:  580:	  while (beg > bufbeg && beg[-1] != '\n');
        -:  581:	}
    #####:  582:      if (beg != lastout)
    #####:  583:	lastout = 0;
    #####:  584:      save = residue + lim - beg;
    #####:  585:      totalcc += buflim - bufbeg - save;
    #####:  586:      if (out_line)
    #####:  587:	nlscan(beg);
    #####:  588:    }
    #####:  589:  if (residue)
        -:  590:    {
    #####:  591:      nlines += grepbuf(bufbeg + save - residue, buflim);
    #####:  592:      if (pending)
    #####:  593:	prpending(buflim);
        -:  594:    }
    #####:  595:  return nlines;
        -:  596:}
        -:  597:
        -:  598:static char version[] = "GNU grep version 2.0";
        -:  599:
        -:  600:#define USAGE \
        -:  601:  "usage: %s [-[[AB] ]<num>] [-[CEFGVchilnqsvwx]] [-[ef]] <expr> [<files...>]\n"
        -:  602:
        -:  603:static void
        1:  604:usage()
        -:  605:{
        1:  606:  fprintf(stderr, USAGE, prog);
        1:  607:  exit(2);
        -:  608:}
        -:  609:
        -:  610:/* Go through the matchers vector and look for the specified matcher.
        -:  611:   If we find it, install it in compile and execute, and return 1.  */
        -:  612:int
    #####:  613:setmatcher(name)
        -:  614:     char *name;
        -:  615:{
        -:  616:  int i;
        -:  617:
    #####:  618:  for (i = 0; matchers[i].name; ++i)
    #####:  619:    if (strcmp(name, matchers[i].name) == 0)
        -:  620:      {
    #####:  621:	compile = matchers[i].compile;
    #####:  622:	execute = matchers[i].execute;
    #####:  623:	return 1;
        -:  624:      }
    #####:  625:  return 0;
        -:  626:}  
        -:  627:
        -:  628:int
        1:  629:main(argc, argv)
        -:  630:     int argc;
        -:  631:     char *argv[];
        -:  632:{
        -:  633:  char *keys;
        -:  634:  size_t keycc, oldcc, keyalloc;
        -:  635:  int keyfound, count_matches, no_filenames, list_files, suppress_errors;
        -:  636:  int opt, cc, desc, count, status;
        -:  637:  FILE *fp;
        -:  638:  extern char *optarg;
        -:  639:  extern int optind;
        -:  640:  /* add this line for diff between *.c and *.int.c */
        1:  641:  argv[0] = "target";
        1:  642:	argv[argc-1] = "/home/cheong/afl-2.52b/test/grep/grep/inputs/grep*.dat";
        -:  643:	//AFL_INIT_SET0("./grep");
        -:  644:
        1:  645:  prog = argv[0];
        1:  646:  if (prog && strrchr(prog, '/'))
        1:  647:    prog = strrchr(prog, '/') + 1;
        -:  648:
        1:  649:  keys = NULL;
        1:  650:  keycc = 0;
        1:  651:  keyfound = 0;
        1:  652:  count_matches = 0;
        1:  653:  no_filenames = 0;
        1:  654:  list_files = 0;
        1:  655:  suppress_errors = 0;
        1:  656:  matcher = NULL;
        -:  657:
        2:  658:  while ((opt = getopt(argc, argv, "0123456789A:B:CEFGVX:bce:f:hiLlnqsvwxy"))
        -:  659:	 != EOF)
    #####:  660:    switch (opt)
        -:  661:      {
        -:  662:      case '0':
        -:  663:      case '1':
        -:  664:      case '2':
        -:  665:      case '3':
        -:  666:      case '4':
        -:  667:      case '5':
        -:  668:      case '6':
        -:  669:      case '7':
        -:  670:      case '8':
        -:  671:      case '9':
    #####:  672:	out_before = 10 * out_before + opt - '0';
    #####:  673:	out_after = 10 * out_after + opt - '0';
    #####:  674:	break;
        -:  675:      case 'A':
    #####:  676:	out_after = atoi(optarg);
    #####:  677:	if (out_after < 0)
    #####:  678:	  usage();
    #####:  679:	break;
        -:  680:      case 'B':
    #####:  681:	out_before = atoi(optarg);
    #####:  682:	if (out_before < 0)
    #####:  683:	  usage();
    #####:  684:	break;
        -:  685:      case 'C':
    #####:  686:	out_before = out_after = 2;
    #####:  687:	break;
        -:  688:      case 'E':
    #####:  689:	if (matcher && strcmp(matcher, "egrep") != 0)
    #####:  690:	  fatal("you may specify only one of -E, -F, or -G", 0);
    #####:  691:	matcher = "posix-egrep";
    #####:  692:	break;
        -:  693:      case 'F':
    #####:  694:	if (matcher && strcmp(matcher, "fgrep") != 0)
    #####:  695:	  fatal("you may specify only one of -E, -F, or -G", 0);;
    #####:  696:	matcher = "fgrep";
    #####:  697:	break;
        -:  698:      case 'G':
    #####:  699:	if (matcher && strcmp(matcher, "grep") != 0)
    #####:  700:	  fatal("you may specify only one of -E, -F, or -G", 0);
    #####:  701:	matcher = "grep";
    #####:  702:	break;
        -:  703:      case 'V':
    #####:  704:	fprintf(stderr, "%s\n", version);
    #####:  705:	break;
        -:  706:      case 'X':
    #####:  707:	if (matcher)
    #####:  708:	  fatal("matcher already specified", 0);
    #####:  709:	matcher = optarg;
    #####:  710:	break;
        -:  711:      case 'b':
    #####:  712:	out_byte = 1;
    #####:  713:	break;
        -:  714:      case 'c':
    #####:  715:	out_quiet = 1;
    #####:  716:	count_matches = 1;
    #####:  717:	break;
        -:  718:      case 'e':
    #####:  719:	cc = strlen(optarg);
    #####:  720:	keys = xrealloc(keys, keycc + cc + 1);
    #####:  721:	if (keyfound)
    #####:  722:	  keys[keycc++] = '\n';
    #####:  723:	strcpy(&keys[keycc], optarg);
    #####:  724:	keycc += cc;
    #####:  725:	keyfound = 1;
    #####:  726:	break;
        -:  727:      case 'f':
    #####:  728:	fp = strcmp(optarg, "-") != 0 ? fopen(optarg, "r") : stdin;
    #####:  729:	if (!fp)
    #####:  730:	  fatal(optarg, errno);
    #####:  731:	for (keyalloc = 1; keyalloc <= keycc; keyalloc *= 2)
        -:  732:	  ;
    #####:  733:	keys = xrealloc(keys, keyalloc);
    #####:  734:	oldcc = keycc;
    #####:  735:	if (keyfound)
    #####:  736:	  keys[keycc++] = '\n';
    #####:  737:	while (!feof(fp)
    #####:  738:	       && (cc = fread(keys + keycc, 1, keyalloc - keycc, fp)) > 0)
        -:  739:	  {
    #####:  740:	    keycc += cc;
    #####:  741:	    if (keycc == keyalloc)
    #####:  742:	      keys = xrealloc(keys, keyalloc *= 2);
        -:  743:	  }
    #####:  744:	if (fp != stdin)
    #####:  745:	  fclose(fp);
        -:  746:	/* Nuke the final newline to avoid matching a null string. */
    #####:  747:	if (keycc - oldcc > 0 && keys[keycc - 1] == '\n')
    #####:  748:	  --keycc;
    #####:  749:	keyfound = 1;
    #####:  750:	break;
        -:  751:      case 'h':
    #####:  752:	no_filenames = 1;
    #####:  753:	break;
        -:  754:      case 'i':
        -:  755:      case 'y':			/* For old-timers . . . */
    #####:  756:	match_icase = 1;
    #####:  757:	break;
        -:  758:      case 'L':
        -:  759:	/* Like -l, except list files that don't contain matches.
        -:  760:	   Inspired by the same option in Hume's gre. */
    #####:  761:	out_quiet = 1;
    #####:  762:	list_files = -1;
    #####:  763:	break;
        -:  764:      case 'l':
    #####:  765:	out_quiet = 1;
    #####:  766:	list_files = 1;
    #####:  767:	break;
        -:  768:      case 'n':
    #####:  769:	out_line = 1;
    #####:  770:	break;
        -:  771:      case 'q':
    #####:  772:	out_quiet = 1;
    #####:  773:	break;
        -:  774:      case 's':
    #####:  775:	suppress_errors = 1;
    #####:  776:	break;
        -:  777:      case 'v':
    #####:  778:	out_invert = 1;
    #####:  779:	break;
        -:  780:      case 'w':
    #####:  781:	match_words = 1;
    #####:  782:	break;
        -:  783:      case 'x':
    #####:  784:	match_lines = 1;
    #####:  785:	break;
        -:  786:      default:
    #####:  787:	usage();
    #####:  788:	break;
        -:  789:      }
        -:  790:
        1:  791:  if (!keyfound)
        1:  792:    if (optind < argc)
        -:  793:      {
    #####:  794:	keys = argv[optind++];
    #####:  795:	keycc = strlen(keys);
        -:  796:      }
        -:  797:    else
        1:  798:      usage();
        -:  799:
    #####:  800:  if (!matcher)
    #####:  801:    matcher = prog;
        -:  802:
    #####:  803:  if (!setmatcher(matcher) && !setmatcher("default"))
    #####:  804:    abort();
        -:  805:
    #####:  806:  (*compile)(keys, keycc);
        -:  807:
    #####:  808:  if (argc - optind > 1 && !no_filenames)
    #####:  809:    out_file = 1;
        -:  810:
    #####:  811:  status = 1;
        -:  812:
    #####:  813:  if (optind < argc)
    #####:  814:    while (optind < argc)
        -:  815:      {
    #####:  816:	desc = strcmp(argv[optind], "-") ? open(argv[optind], O_RDONLY) : 0;
    #####:  817:	if (desc < 0)
        -:  818:	  {
    #####:  819:	    if (!suppress_errors)
    #####:  820:	      error(argv[optind], errno);
        -:  821:	  }
        -:  822:	else
        -:  823:	  {
    #####:  824:	    filename = desc == 0 ? "(standard input)" : argv[optind];
    #####:  825:	    count = grep(desc);
    #####:  826:	    if (count_matches)
        -:  827:	      {
    #####:  828:		if (out_file)
    #####:  829:		  printf("%s:", filename);
    #####:  830:		printf("%d\n", count);
        -:  831:	      }
    #####:  832:	    if (count)
        -:  833:	      {
    #####:  834:		status = 0;
    #####:  835:		if (list_files == 1)
    #####:  836:		  printf("%s\n", filename);
        -:  837:	      }
    #####:  838:	    else if (list_files == -1)
    #####:  839:	      printf("%s\n", filename);
        -:  840:	  }
    #####:  841:	if (desc != 0)
    #####:  842:	  close(desc);
    #####:  843:	++optind;
        -:  844:      }
        -:  845:  else
        -:  846:    {
    #####:  847:      filename = "(standard input)";
    #####:  848:      count = grep(0);
    #####:  849:      if (count_matches)
    #####:  850:	printf("%d\n", count);
    #####:  851:      if (count)
        -:  852:	{
    #####:  853:	  status = 0;
    #####:  854:	  if (list_files == 1)
    #####:  855:	    printf("(standard input)\n");
        -:  856:	}
    #####:  857:      else if (list_files == -1)
    #####:  858:	printf("(standard input)\n");
        -:  859:    }
        -:  860:
    #####:  861:  exit(errseen ? 2 : status);
        -:  862:}
        -:  863:/* Getopt for GNU.
        -:  864:   NOTE: getopt is now part of the C library, so if you don't know what
        -:  865:   "Keep this file name-space clean" means, talk to roland@gnu.ai.mit.edu
        -:  866:   before changing it!
        -:  867:
        -:  868:   Copyright (C) 1987, 88, 89, 90, 91, 92, 1993
        -:  869:   	Free Software Foundation, Inc.
        -:  870:
        -:  871:   This program is free software; you can redistribute it and/or modify it
        -:  872:   under the terms of the GNU General Public License as published by the
        -:  873:   Free Software Foundation; either version 2, or (at your option) any
        -:  874:   later version.
        -:  875:
        -:  876:   This program is distributed in the hope that it will be useful,
        -:  877:   but WITHOUT ANY WARRANTY; without even the implied warranty of
        -:  878:   MERCHANTABILITY or FITNESS FOR A PARTICULAR PURPOSE.  See the
        -:  879:   GNU General Public License for more details.
        -:  880:
        -:  881:   You should have received a copy of the GNU General Public License
        -:  882:   along with this program; if not, write to the Free Software
        -:  883:   Foundation, 675 Mass Ave, Cambridge, MA 02139, USA.  */
        -:  884:
        -:  885:/* NOTE!!!  AIX requires this to be the first thing in the file.
        -:  886:   Do not put ANYTHING before it!  */
        -:  887:#if !defined (__GNUC__) && defined (_AIX)
        -:  888: #pragma alloca
        -:  889:#endif
        -:  890:
        -:  891:#ifdef HAVE_CONFIG_H
        -:  892:#include "config.h"
        -:  893:#define flag_config 1
        -:  894:#endif
        -:  895:
        -:  896:#if (defined( __GNUC__) && (!defined(LINUX)))
        -:  897:#define alloca __builtin_alloca
        -:  898:#else /* not __GNUC__ */
        -:  899:#if defined (HAVE_ALLOCA_H) || (defined(sparc) && (defined(sun) || (!defined(USG) && !defined(SVR4) && !defined(__svr4__))))
        -:  900:#include <alloca.h>
        -:  901:#define flag_alloca 1
        -:  902:#else
        -:  903:#ifndef _AIX
        -:  904:char *alloca ();
        -:  905:#endif
        -:  906:#endif /* alloca.h */
        -:  907:#endif /* not __GNUC__ */
        -:  908:
        -:  909:#if !__STDC__ && !defined(const) && IN_GCC
        -:  910:#define const
        -:  911:#endif
        -:  912:
        -:  913:/* This tells Alpha OSF/1 not to define a getopt prototype in <stdio.h>.  */
        -:  914:#ifndef _NO_PROTO
        -:  915:#define _NO_PROTO
        -:  916:#endif
        -:  917:
        -:  918:/*#include <stdio.h> */
        -:  919:
        -:  920:/* Comment out all this code if we are using the GNU C Library, and are not
        -:  921:   actually compiling the library itself.  This code is part of the GNU C
        -:  922:   Library, but also included in many other GNU distributions.  Compiling
        -:  923:   and linking in this code is a waste when using the GNU C library
        -:  924:   (especially if it is a shared library).  Rather than having every GNU
        -:  925:   program understand `configure --with-gnu-libc' and omit the object files,
        -:  926:   it is simpler to just do this in the source for each such file.  */
        -:  927:
        -:  928:#if defined (_LIBC) || !defined (__GNU_LIBRARY__)
        -:  929:
        -:  930:
        -:  931:/* This needs to come after some library #include
        -:  932:   to get __GNU_LIBRARY__ defined.  */
        -:  933:#ifdef	__GNU_LIBRARY__
        -:  934:#undef	alloca
        -:  935:/* Don't include stdlib.h for non-GNU C libraries because some of them
        -:  936:   contain conflicting prototypes for getopt.  */
        -:  937:#if flag_stdlib==0   
        -:  938:#include <stdlib.h>
        -:  939:#define flag_stdlib 1
        -:  940:#endif
        -:  941:#else	/* Not GNU C library.  */
        -:  942:#define	__alloca	alloca
        -:  943:#endif	/* GNU C library.  */
        -:  944:
        -:  945:/* If GETOPT_COMPAT is defined, `+' as well as `--' can introduce a
        -:  946:   long-named option.  Because this is not POSIX.2 compliant, it is
        -:  947:   being phased out.  */
        -:  948:/* #define GETOPT_COMPAT */
        -:  949:
        -:  950:/* This version of `getopt' appears to the caller like standard Unix `getopt'
        -:  951:   but it behaves differently for the user, since it allows the user
        -:  952:   to intersperse the options with the other arguments.
        -:  953:
        -:  954:   As `getopt' works, it permutes the elements of ARGV so that,
        -:  955:   when it is done, all the options precede everything else.  Thus
        -:  956:   all application programs are extended to handle flexible argument order.
        -:  957:
        -:  958:   Setting the environment variable POSIXLY_CORRECT disables permutation.
        -:  959:   Then the behavior is completely standard.
        -:  960:
        -:  961:   GNU application programs can use a third alternative mode in which
        -:  962:   they can distinguish the relative order of options and other arguments.  */
        -:  963:
        -:  964:#include "getopt.h"
        -:  965:
        -:  966:/* For communication from `getopt' to the caller.
        -:  967:   When `getopt' finds an option that takes an argument,
        -:  968:   the argument value is returned here.
        -:  969:   Also, when `ordering' is RETURN_IN_ORDER,
        -:  970:   each non-option ARGV-element is returned here.  */
        -:  971:
        -:  972:char *optarg = 0;
        -:  973:
        -:  974:/* Index in ARGV of the next element to be scanned.
        -:  975:   This is used for communication to and from the caller
        -:  976:   and for communication between successive calls to `getopt'.
        -:  977:
        -:  978:   On entry to `getopt', zero means this is the first call; initialize.
        -:  979:
        -:  980:   When `getopt' returns EOF, this is the index of the first of the
        -:  981:   non-option elements that the caller should itself scan.
        -:  982:
        -:  983:   Otherwise, `optind' communicates from one call to the next
        -:  984:   how much of ARGV has been scanned so far.  */
        -:  985:
        -:  986:/* XXX 1003.2 says this must be 1 before any call.  */
        -:  987:int optind = 0;
        -:  988:
        -:  989:/* The next char to be scanned in the option-element
        -:  990:   in which the last option character we returned was found.
        -:  991:   This allows us to pick up the scan where we left off.
        -:  992:
        -:  993:   If this is zero, or a null string, it means resume the scan
        -:  994:   by advancing to the next ARGV-element.  */
        -:  995:
        -:  996:static char *nextchar;
        -:  997:
        -:  998:/* Callers store zero here to inhibit the error message
        -:  999:   for unrecognized options.  */
        -: 1000:
        -: 1001:int opterr = 1;
        -: 1002:
        -: 1003:/* Set to an option character which was unrecognized.
        -: 1004:   This must be initialized on some systems to avoid linking in the
        -: 1005:   system's own getopt implementation.  */
        -: 1006:
        -: 1007:int optopt = '?';
        -: 1008:
        -: 1009:/* Describe how to deal with options that follow non-option ARGV-elements.
        -: 1010:
        -: 1011:   If the caller did not specify anything,
        -: 1012:   the default is REQUIRE_ORDER if the environment variable
        -: 1013:   POSIXLY_CORRECT is defined, PERMUTE otherwise.
        -: 1014:
        -: 1015:   REQUIRE_ORDER means don't recognize them as options;
        -: 1016:   stop option processing when the first non-option is seen.
        -: 1017:   This is what Unix does.
        -: 1018:   This mode of operation is selected by either setting the environment
        -: 1019:   variable POSIXLY_CORRECT, or using `+' as the first character
        -: 1020:   of the list of option characters.
        -: 1021:
        -: 1022:   PERMUTE is the default.  We permute the contents of ARGV as we scan,
        -: 1023:   so that eventually all the non-options are at the end.  This allows options
        -: 1024:   to be given in any order, even with programs that were not written to
        -: 1025:   expect this.
        -: 1026:
        -: 1027:   RETURN_IN_ORDER is an option available to programs that were written
        -: 1028:   to expect options and other ARGV-elements in any order and that care about
        -: 1029:   the ordering of the two.  We describe each non-option ARGV-element
        -: 1030:   as if it were the argument of an option with character code 1.
        -: 1031:   Using `-' as the first character of the list of option characters
        -: 1032:   selects this mode of operation.
        -: 1033:
        -: 1034:   The special argument `--' forces an end of option-scanning regardless
        -: 1035:   of the value of `ordering'.  In the case of RETURN_IN_ORDER, only
        -: 1036:   `--' can cause `getopt' to return EOF with `optind' != ARGC.  */
        -: 1037:
        -: 1038:static enum
        -: 1039:{
        -: 1040:  REQUIRE_ORDER, PERMUTE, RETURN_IN_ORDER
        -: 1041:} ordering;
        -: 1042:
        -: 1043:#ifdef	__GNU_LIBRARY__
        -: 1044:/* We want to avoid inclusion of string.h with non-GNU libraries
        -: 1045:   because there are many ways it can cause trouble.
        -: 1046:   On some systems, it contains special magic macros that don't work
        -: 1047:   in GCC.  */
        -: 1048:#if flag_string==0   
        -: 1049:#include <string.h>
        -: 1050:#define flag_string 1
        -: 1051:#endif
        -: 1052:#define	my_index	strchr
        -: 1053:#define	my_bcopy(src, dst, n)	memcpy ((dst), (src), (n))
        -: 1054:#else
        -: 1055:
        -: 1056:/* Avoid depending on library functions or files
        -: 1057:   whose names are inconsistent.  */
        -: 1058:
        -: 1059:char *getenv ();
        -: 1060:
        -: 1061:static char *
        -: 1062:my_index (str, chr)
        -: 1063:     const char *str;
        -: 1064:     int chr;
        -: 1065:{
        -: 1066:  while (*str)
        -: 1067:    {
        -: 1068:      if (*str == chr)
        -: 1069:	return (char *) str;
        -: 1070:      str++;
        -: 1071:    }
        -: 1072:  return 0;
        -: 1073:}
        -: 1074:
        -: 1075:static void
        -: 1076:my_bcopy (from, to, size)
        -: 1077:     const char *from;
        -: 1078:     char *to;
        -: 1079:     int size;
        -: 1080:{
        -: 1081:  int i;
        -: 1082:  for (i = 0; i < size; i++)
        -: 1083:    to[i] = from[i];
        -: 1084:}
        -: 1085:#endif				/* GNU C library.  */
        -: 1086:
        -: 1087:/* Handle permutation of arguments.  */
        -: 1088:
        -: 1089:/* Describe the part of ARGV that contains non-options that have
        -: 1090:   been skipped.  `first_nonopt' is the index in ARGV of the first of them;
        -: 1091:   `last_nonopt' is the index after the last of them.  */
        -: 1092:
        -: 1093:static int first_nonopt;
        -: 1094:static int last_nonopt;
        -: 1095:
        -: 1096:/* Exchange two adjacent subsequences of ARGV.
        -: 1097:   One subsequence is elements [first_nonopt,last_nonopt)
        -: 1098:   which contains all the non-options that have been skipped so far.
        -: 1099:   The other is elements [last_nonopt,optind), which contains all
        -: 1100:   the options processed since those non-options were skipped.
        -: 1101:
        -: 1102:   `first_nonopt' and `last_nonopt' are relocated so that they describe
        -: 1103:   the new indices of the non-options in ARGV after they are moved.  */
        -: 1104:
        -: 1105:static void
        -: 1106:exchange (argv)
        -: 1107:     char **argv;
        -: 1108:{
        -: 1109:  int nonopts_size = (last_nonopt - first_nonopt) * sizeof (char *);
        -: 1110:  char **temp = (char **) __alloca (nonopts_size);
        -: 1111:
        -: 1112:  /* Interchange the two blocks of data in ARGV.  */
        -: 1113:
        -: 1114:  my_bcopy ((char *) &argv[first_nonopt], (char *) temp, nonopts_size);
        -: 1115:  my_bcopy ((char *) &argv[last_nonopt], (char *) &argv[first_nonopt],
        -: 1116:	    (optind - last_nonopt) * sizeof (char *));
        -: 1117:  my_bcopy ((char *) temp,
        -: 1118:	    (char *) &argv[first_nonopt + optind - last_nonopt],
        -: 1119:	    nonopts_size);
        -: 1120:
        -: 1121:  /* Update records for the slots the non-options now occupy.  */
        -: 1122:
        -: 1123:  first_nonopt += (optind - last_nonopt);
        -: 1124:  last_nonopt = optind;
        -: 1125:}
        -: 1126:
        -: 1127:/* Scan elements of ARGV (whose length is ARGC) for option characters
        -: 1128:   given in OPTSTRING.
        -: 1129:
        -: 1130:   If an element of ARGV starts with '-', and is not exactly "-" or "--",
        -: 1131:   then it is an option element.  The characters of this element
        -: 1132:   (aside from the initial '-') are option characters.  If `getopt'
        -: 1133:   is called repeatedly, it returns successively each of the option characters
        -: 1134:   from each of the option elements.
        -: 1135:
        -: 1136:   If `getopt' finds another option character, it returns that character,
        -: 1137:   updating `optind' and `nextchar' so that the next call to `getopt' can
        -: 1138:   resume the scan with the following option character or ARGV-element.
        -: 1139:
        -: 1140:   If there are no more option characters, `getopt' returns `EOF'.
        -: 1141:   Then `optind' is the index in ARGV of the first ARGV-element
        -: 1142:   that is not an option.  (The ARGV-elements have been permuted
        -: 1143:   so that those that are not options now come last.)
        -: 1144:
        -: 1145:   OPTSTRING is a string containing the legitimate option characters.
        -: 1146:   If an option character is seen that is not listed in OPTSTRING,
        -: 1147:   return '?' after printing an error message.  If you set `opterr' to
        -: 1148:   zero, the error message is suppressed but we still return '?'.
        -: 1149:
        -: 1150:   If a char in OPTSTRING is followed by a colon, that means it wants an arg,
        -: 1151:   so the following text in the same ARGV-element, or the text of the following
        -: 1152:   ARGV-element, is returned in `optarg'.  Two colons mean an option that
        -: 1153:   wants an optional arg; if there is text in the current ARGV-element,
        -: 1154:   it is returned in `optarg', otherwise `optarg' is set to zero.
        -: 1155:
        -: 1156:   If OPTSTRING starts with `-' or `+', it requests different methods of
        -: 1157:   handling the non-option ARGV-elements.
        -: 1158:   See the comments about RETURN_IN_ORDER and REQUIRE_ORDER, above.
        -: 1159:
        -: 1160:   Long-named options begin with `--' instead of `-'.
        -: 1161:   Their names may be abbreviated as long as the abbreviation is unique
        -: 1162:   or is an exact match for some defined option.  If they have an
        -: 1163:   argument, it follows the option name in the same ARGV-element, separated
        -: 1164:   from the option name by a `=', or else the in next ARGV-element.
        -: 1165:   When `getopt' finds a long-named option, it returns 0 if that option's
        -: 1166:   `flag' field is nonzero, the value of the option's `val' field
        -: 1167:   if the `flag' field is zero.
        -: 1168:
        -: 1169:   The elements of ARGV aren't really const, because we permute them.
        -: 1170:   But we pretend they're const in the prototype to be compatible
        -: 1171:   with other systems.
        -: 1172:
        -: 1173:   LONGOPTS is a vector of `struct option' terminated by an
        -: 1174:   element containing a name which is zero.
        -: 1175:
        -: 1176:   LONGIND returns the index in LONGOPT of the long-named option found.
        -: 1177:   It is only valid when a long-named option has been found by the most
        -: 1178:   recent call.
        -: 1179:
        -: 1180:   If LONG_ONLY is nonzero, '-' as well as '--' can introduce
        -: 1181:   long-named options.  */
        -: 1182:
        -: 1183:int
        -: 1184:_getopt_internal (argc, argv, optstring, longopts, longind, long_only)
        -: 1185:     int argc;
        -: 1186:     char *const *argv;
        -: 1187:     const char *optstring;
        -: 1188:     const struct option *longopts;
        -: 1189:     int *longind;
        -: 1190:     int long_only;
        -: 1191:{
        -: 1192:  int option_index;
        -: 1193:
        -: 1194:  optarg = 0;
        -: 1195:
        -: 1196:  /* Initialize the internal data when the first call is made.
        -: 1197:     Start processing options with ARGV-element 1 (since ARGV-element 0
        -: 1198:     is the program name); the sequence of previously skipped
        -: 1199:     non-option ARGV-elements is empty.  */
        -: 1200:
        -: 1201:  if (optind == 0)
        -: 1202:    {
        -: 1203:      first_nonopt = last_nonopt = optind = 1;
        -: 1204:
        -: 1205:      nextchar = NULL;
        -: 1206:
        -: 1207:      /* Determine how to handle the ordering of options and nonoptions.  */
        -: 1208:
        -: 1209:      if (optstring[0] == '-')
        -: 1210:	{
        -: 1211:	  ordering = RETURN_IN_ORDER;
        -: 1212:	  ++optstring;
        -: 1213:	}
        -: 1214:      else if (optstring[0] == '+')
        -: 1215:	{
        -: 1216:	  ordering = REQUIRE_ORDER;
        -: 1217:	  ++optstring;
        -: 1218:	}
        -: 1219:      else if (getenv ("POSIXLY_CORRECT") != NULL)
        -: 1220:	ordering = REQUIRE_ORDER;
        -: 1221:      else
        -: 1222:	ordering = PERMUTE;
        -: 1223:    }
        -: 1224:
        -: 1225:  if (nextchar == NULL || *nextchar == '\0')
        -: 1226:    {
        -: 1227:      if (ordering == PERMUTE)
        -: 1228:	{
        -: 1229:	  /* If we have just processed some options following some non-options,
        -: 1230:	     exchange them so that the options come first.  */
        -: 1231:
        -: 1232:	  if (first_nonopt != last_nonopt && last_nonopt != optind)
        -: 1233:	    exchange ((char **) argv);
        -: 1234:	  else if (last_nonopt != optind)
        -: 1235:	    first_nonopt = optind;
        -: 1236:
        -: 1237:	  /* Now skip any additional non-options
        -: 1238:	     and extend the range of non-options previously skipped.  */
        -: 1239:
        -: 1240:	  while (optind < argc
        -: 1241:		 && (argv[optind][0] != '-' || argv[optind][1] == '\0')
        -: 1242:#ifdef GETOPT_COMPAT
        -: 1243:		 && (longopts == NULL
        -: 1244:		     || argv[optind][0] != '+' || argv[optind][1] == '\0')
        -: 1245:#endif				/* GETOPT_COMPAT */
        -: 1246:		 )
        -: 1247:	    optind++;
        -: 1248:	  last_nonopt = optind;
        -: 1249:	}
        -: 1250:
        -: 1251:      /* Special ARGV-element `--' means premature end of options.
        -: 1252:	 Skip it like a null option,
        -: 1253:	 then exchange with previous non-options as if it were an option,
        -: 1254:	 then skip everything else like a non-option.  */
        -: 1255:
        -: 1256:      if (optind != argc && !strcmp (argv[optind], "--"))
        -: 1257:	{
        -: 1258:	  optind++;
        -: 1259:
        -: 1260:	  if (first_nonopt != last_nonopt && last_nonopt != optind)
        -: 1261:	    exchange ((char **) argv);
        -: 1262:	  else if (first_nonopt == last_nonopt)
        -: 1263:	    first_nonopt = optind;
        -: 1264:	  last_nonopt = argc;
        -: 1265:
        -: 1266:	  optind = argc;
        -: 1267:	}
        -: 1268:
        -: 1269:      /* If we have done all the ARGV-elements, stop the scan
        -: 1270:	 and back over any non-options that we skipped and permuted.  */
        -: 1271:
        -: 1272:      if (optind == argc)
        -: 1273:	{
        -: 1274:	  /* Set the next-arg-index to point at the non-options
        -: 1275:	     that we previously skipped, so the caller will digest them.  */
        -: 1276:	  if (first_nonopt != last_nonopt)
        -: 1277:	    optind = first_nonopt;
        -: 1278:	  return EOF;
        -: 1279:	}
        -: 1280:
        -: 1281:      /* If we have come to a non-option and did not permute it,
        -: 1282:	 either stop the scan or describe it to the caller and pass it by.  */
        -: 1283:
        -: 1284:      if ((argv[optind][0] != '-' || argv[optind][1] == '\0')
        -: 1285:#ifdef GETOPT_COMPAT
        -: 1286:	  && (longopts == NULL
        -: 1287:	      || argv[optind][0] != '+' || argv[optind][1] == '\0')
        -: 1288:#endif				/* GETOPT_COMPAT */
        -: 1289:	  )
        -: 1290:	{
        -: 1291:	  if (ordering == REQUIRE_ORDER)
        -: 1292:	    return EOF;
        -: 1293:	  optarg = argv[optind++];
        -: 1294:	  return 1;
        -: 1295:	}
        -: 1296:
        -: 1297:      /* We have found another option-ARGV-element.
        -: 1298:	 Start decoding its characters.  */
        -: 1299:
        -: 1300:      nextchar = (argv[optind] + 1
        -: 1301:		  + (longopts != NULL && argv[optind][1] == '-'));
        -: 1302:    }
        -: 1303:
        -: 1304:  if (longopts != NULL
        -: 1305:      && ((argv[optind][0] == '-'
        -: 1306:	   && (argv[optind][1] == '-' || long_only))
        -: 1307:#ifdef GETOPT_COMPAT
        -: 1308:	  || argv[optind][0] == '+'
        -: 1309:#endif				/* GETOPT_COMPAT */
        -: 1310:	  ))
        -: 1311:    {
        -: 1312:      const struct option *p;
        -: 1313:      char *s = nextchar;
        -: 1314:      int exact = 0;
        -: 1315:      int ambig = 0;
        -: 1316:      const struct option *pfound = NULL;
        -: 1317:      int indfound;
        -: 1318:
        -: 1319:      while (*s && *s != '=')
        -: 1320:	s++;
        -: 1321:
        -: 1322:      /* Test all options for either exact match or abbreviated matches.  */
        -: 1323:      for (p = longopts, option_index = 0; p->name;
        -: 1324:	   p++, option_index++)
        -: 1325:	if (!strncmp (p->name, nextchar, s - nextchar))
        -: 1326:	  {
        -: 1327:	    if (s - nextchar == strlen (p->name))
        -: 1328:	      {
        -: 1329:		/* Exact match found.  */
        -: 1330:		pfound = p;
        -: 1331:		indfound = option_index;
        -: 1332:		exact = 1;
        -: 1333:		break;
        -: 1334:	      }
        -: 1335:	    else if (pfound == NULL)
        -: 1336:	      {
        -: 1337:		/* First nonexact match found.  */
        -: 1338:		pfound = p;
        -: 1339:		indfound = option_index;
        -: 1340:	      }
        -: 1341:	    else
        -: 1342:	      /* Second nonexact match found.  */
        -: 1343:	      ambig = 1;
        -: 1344:	  }
        -: 1345:
        -: 1346:      if (ambig && !exact)
        -: 1347:	{
        -: 1348:	  if (opterr)
        -: 1349:	    fprintf (stderr, "%s: option `%s' is ambiguous\n",
        -: 1350:		     argv[0], argv[optind]);
        -: 1351:	  nextchar += strlen (nextchar);
        -: 1352:	  optind++;
        -: 1353:	  return '?';
        -: 1354:	}
        -: 1355:
        -: 1356:      if (pfound != NULL)
        -: 1357:	{
        -: 1358:	  option_index = indfound;
        -: 1359:	  optind++;
        -: 1360:	  if (*s)
        -: 1361:	    {
        -: 1362:	      /* Don't test has_arg with >, because some C compilers don't
        -: 1363:		 allow it to be used on enums.  */
        -: 1364:	      if (pfound->has_arg)
        -: 1365:		optarg = s + 1;
        -: 1366:	      else
        -: 1367:		{
        -: 1368:		  if (opterr)
        -: 1369:		    {
        -: 1370:		      if (argv[optind - 1][1] == '-')
        -: 1371:			/* --option */
        -: 1372:			fprintf (stderr,
        -: 1373:				 "%s: option `--%s' doesn't allow an argument\n",
        -: 1374:				 argv[0], pfound->name);
        -: 1375:		      else
        -: 1376:			/* +option or -option */
        -: 1377:			fprintf (stderr,
        -: 1378:			     "%s: option `%c%s' doesn't allow an argument\n",
        -: 1379:			     argv[0], argv[optind - 1][0], pfound->name);
        -: 1380:		    }
        -: 1381:		  nextchar += strlen (nextchar);
        -: 1382:		  return '?';
        -: 1383:		}
        -: 1384:	    }
        -: 1385:	  else if (pfound->has_arg == 1)
        -: 1386:	    {
        -: 1387:	      if (optind < argc)
        -: 1388:		optarg = argv[optind++];
        -: 1389:	      else
        -: 1390:		{
        -: 1391:		  if (opterr)
        -: 1392:		    fprintf (stderr, "%s: option `%s' requires an argument\n",
        -: 1393:			     argv[0], argv[optind - 1]);
        -: 1394:		  nextchar += strlen (nextchar);
        -: 1395:		  return optstring[0] == ':' ? ':' : '?';
        -: 1396:		}
        -: 1397:	    }
        -: 1398:	  nextchar += strlen (nextchar);
        -: 1399:	  if (longind != NULL)
        -: 1400:	    *longind = option_index;
        -: 1401:	  if (pfound->flag)
        -: 1402:	    {
        -: 1403:	      *(pfound->flag) = pfound->val;
        -: 1404:	      return 0;
        -: 1405:	    }
        -: 1406:	  return pfound->val;
        -: 1407:	}
        -: 1408:      /* Can't find it as a long option.  If this is not getopt_long_only,
        -: 1409:	 or the option starts with '--' or is not a valid short
        -: 1410:	 option, then it's an error.
        -: 1411:	 Otherwise interpret it as a short option.  */
        -: 1412:      if (!long_only || argv[optind][1] == '-'
        -: 1413:#ifdef GETOPT_COMPAT
        -: 1414:	  || argv[optind][0] == '+'
        -: 1415:#endif				/* GETOPT_COMPAT */
        -: 1416:	  || my_index (optstring, *nextchar) == NULL)
        -: 1417:	{
        -: 1418:	  if (opterr)
        -: 1419:	    {
        -: 1420:	      if (argv[optind][1] == '-')
        -: 1421:		/* --option */
        -: 1422:		fprintf (stderr, "%s: unrecognized option `--%s'\n",
        -: 1423:			 argv[0], nextchar);
        -: 1424:	      else
        -: 1425:		/* +option or -option */
        -: 1426:		fprintf (stderr, "%s: unrecognized option `%c%s'\n",
        -: 1427:			 argv[0], argv[optind][0], nextchar);
        -: 1428:	    }
        -: 1429:	  nextchar = (char *) "";
        -: 1430:	  optind++;
        -: 1431:	  return '?';
        -: 1432:	}
        -: 1433:    }
        -: 1434:
        -: 1435:  /* Look at and handle the next option-character.  */
        -: 1436:
        -: 1437:  {
        -: 1438:    char c = *nextchar++;
        -: 1439:    char *temp = my_index (optstring, c);
        -: 1440:
        -: 1441:    /* Increment `optind' when we start to process its last character.  */
        -: 1442:    if (*nextchar == '\0')
        -: 1443:      ++optind;
        -: 1444:
        -: 1445:    if (temp == NULL || c == ':')
        -: 1446:      {
        -: 1447:	if (opterr)
        -: 1448:	  {
        -: 1449:#if 0
        -: 1450:	    if (c < 040 || c >= 0177)
        -: 1451:	      fprintf (stderr, "%s: unrecognized option, character code 0%o\n",
        -: 1452:		       argv[0], c);
        -: 1453:	    else
        -: 1454:	      fprintf (stderr, "%s: unrecognized option `-%c'\n", argv[0], c);
        -: 1455:#else
        -: 1456:	    /* 1003.2 specifies the format of this message.  */
        -: 1457:	    fprintf (stderr, "%s: illegal option -- %c\n", argv[0], c);
        -: 1458:#endif
        -: 1459:	  }
        -: 1460:	optopt = c;
        -: 1461:	return '?';
        -: 1462:      }
        -: 1463:    if (temp[1] == ':')
        -: 1464:      {
        -: 1465:	if (temp[2] == ':')
        -: 1466:	  {
        -: 1467:	    /* This is an option that accepts an argument optionally.  */
        -: 1468:	    if (*nextchar != '\0')
        -: 1469:	      {
        -: 1470:		optarg = nextchar;
        -: 1471:		optind++;
        -: 1472:	      }
        -: 1473:	    else
        -: 1474:	      optarg = 0;
        -: 1475:	    nextchar = NULL;
        -: 1476:	  }
        -: 1477:	else
        -: 1478:	  {
        -: 1479:	    /* This is an option that requires an argument.  */
        -: 1480:	    if (*nextchar != '\0')
        -: 1481:	      {
        -: 1482:		optarg = nextchar;
        -: 1483:		/* If we end this ARGV-element by taking the rest as an arg,
        -: 1484:		   we must advance to the next element now.  */
        -: 1485:		optind++;
        -: 1486:	      }
        -: 1487:	    else if (optind == argc)
        -: 1488:	      {
        -: 1489:		if (opterr)
        -: 1490:		  {
        -: 1491:#if 0
        -: 1492:		    fprintf (stderr, "%s: option `-%c' requires an argument\n",
        -: 1493:			     argv[0], c);
        -: 1494:#else
        -: 1495:		    /* 1003.2 specifies the format of this message.  */
        -: 1496:		    fprintf (stderr, "%s: option requires an argument -- %c\n",
        -: 1497:			     argv[0], c);
        -: 1498:#endif
        -: 1499:		  }
        -: 1500:		optopt = c;
        -: 1501:		if (optstring[0] == ':')
        -: 1502:		  c = ':';
        -: 1503:		else
        -: 1504:		  c = '?';
        -: 1505:	      }
        -: 1506:	    else
        -: 1507:	      /* We already incremented `optind' once;
        -: 1508:		 increment it again when taking next ARGV-elt as argument.  */
        -: 1509:	      optarg = argv[optind++];
        -: 1510:	    nextchar = NULL;
        -: 1511:	  }
        -: 1512:      }
        -: 1513:    return c;
        -: 1514:  }
        -: 1515:}
        -: 1516:
        -: 1517:int
        -: 1518:getopt (argc, argv, optstring)
        -: 1519:     int argc;
        -: 1520:     char *const *argv;
        -: 1521:     const char *optstring;
        -: 1522:{
        -: 1523:  return _getopt_internal (argc, argv, optstring,
        -: 1524:			   (const struct option *) 0,
        -: 1525:			   (int *) 0,
        -: 1526:			   0);
        -: 1527:}
        -: 1528:
        -: 1529:#endif	/* _LIBC or not __GNU_LIBRARY__.  */
        -: 1530:
        -: 1531:#ifdef TEST
        -: 1532:
        -: 1533:/* Compile with -DTEST to make an executable for use in testing
        -: 1534:   the above definition of `getopt'.  */
        -: 1535:
        -: 1536:int
        -: 1537:main (argc, argv)
        -: 1538:     int argc;
        -: 1539:     char **argv;
        -: 1540:{
        -: 1541:  int c;
        -: 1542:  int digit_optind = 0;
        -: 1543:
        -: 1544:  while (1)
        -: 1545:    {
        -: 1546:      int this_option_optind = optind ? optind : 1;
        -: 1547:
        -: 1548:      c = getopt (argc, argv, "abc:d:0123456789");
        -: 1549:      if (c == EOF)
        -: 1550:	break;
        -: 1551:
        -: 1552:      switch (c)
        -: 1553:	{
        -: 1554:	case '0':
        -: 1555:	case '1':
        -: 1556:	case '2':
        -: 1557:	case '3':
        -: 1558:	case '4':
        -: 1559:	case '5':
        -: 1560:	case '6':
        -: 1561:	case '7':
        -: 1562:	case '8':
        -: 1563:	case '9':
        -: 1564:	  if (digit_optind != 0 && digit_optind != this_option_optind)
        -: 1565:	    printf ("digits occur in two different argv-elements.\n");
        -: 1566:	  digit_optind = this_option_optind;
        -: 1567:	  printf ("option %c\n", c);
        -: 1568:	  break;
        -: 1569:
        -: 1570:	case 'a':
        -: 1571:	  printf ("option a\n");
        -: 1572:	  break;
        -: 1573:
        -: 1574:	case 'b':
        -: 1575:	  printf ("option b\n");
        -: 1576:	  break;
        -: 1577:
        -: 1578:	case 'c':
        -: 1579:	  printf ("option c with value `%s'\n", optarg);
        -: 1580:	  break;
        -: 1581:
        -: 1582:	case '?':
        -: 1583:	  break;
        -: 1584:
        -: 1585:	default:
        -: 1586:	  printf ("?? getopt returned character code 0%o ??\n", c);
        -: 1587:	}
        -: 1588:    }
        -: 1589:
        -: 1590:  if (optind < argc)
        -: 1591:    {
        -: 1592:      printf ("non-option ARGV-elements: ");
        -: 1593:      while (optind < argc)
        -: 1594:	printf ("%s ", argv[optind++]);
        -: 1595:      printf ("\n");
        -: 1596:    }
        -: 1597:
        -: 1598:  exit (0);
        -: 1599:}
        -: 1600:
        -: 1601:#endif /* TEST */
        -: 1602:/* Extended regular expression matching and search library,
        -: 1603:   version 0.12.
        -: 1604:   (Implements POSIX draft P10003.2/D11.2, except for
        -: 1605:   internationalization features.)
        -: 1606:
        -: 1607:   Copyright (C) 1993 Free Software Foundation, Inc.
        -: 1608:
        -: 1609:   This program is free software; you can redistribute it and/or modify
        -: 1610:   it under the terms of the GNU General Public License as published by
        -: 1611:   the Free Software Foundation; either version 2, or (at your option)
        -: 1612:   any later version.
        -: 1613:
        -: 1614:   This program is distributed in the hope that it will be useful,
        -: 1615:   but WITHOUT ANY WARRANTY; without even the implied warranty of
        -: 1616:   MERCHANTABILITY or FITNESS FOR A PARTICULAR PURPOSE.  See the
        -: 1617:   GNU General Public License for more details.
        -: 1618:
        -: 1619:   You should have received a copy of the GNU General Public License
        -: 1620:   along with this program; if not, write to the Free Software
        -: 1621:   Foundation, Inc., 675 Mass Ave, Cambridge, MA 02139, USA.  */
        -: 1622:
        -: 1623:/* AIX requires this to be the first thing in the file. */
        -: 1624:#if defined (_AIX) && !defined (REGEX_MALLOC)
        -: 1625:  #pragma alloca
        -: 1626:#endif
        -: 1627:
        -: 1628:#define _GNU_SOURCE
        -: 1629:
        -: 1630:/* We need this for `regex.h', and perhaps for the Emacs include files.  */
        -: 1631:#if flag_systypes==0
        -: 1632:#include <sys/types.h>
        -: 1633:#define flag_systypes 1
        -: 1634:#endif
        -: 1635:
        -: 1636:#ifdef HAVE_CONFIG_H
        -: 1637:#if flag_config==0
        -: 1638:#include "config.h"
        -: 1639:#define flag_config 1
        -: 1640:#endif
        -: 1641:#endif
        -: 1642:
        -: 1643:/* The `emacs' switch turns on certain matching commands
        -: 1644:   that make sense only in Emacs. */
        -: 1645:#ifdef emacs
        -: 1646:
        -: 1647:#include "lisp.h"
        -: 1648:#include "buffer.h"
        -: 1649:#include "syntax.h"
        -: 1650:
        -: 1651:/* Emacs uses `NULL' as a predicate.  */
        -: 1652:#undef NULL
        -: 1653:
        -: 1654:#else  /* not emacs */
        -: 1655:
        -: 1656:/* We used to test for `BSTRING' here, but only GCC and Emacs define
        -: 1657:   `BSTRING', as far as I know, and neither of them use this code.  */
        -: 1658:#if HAVE_STRING_H || STDC_HEADERS
        -: 1659:#if flag_string==0
        -: 1660:#include <string.h>
        -: 1661:#define flag_string 1
        -: 1662:#endif
        -: 1663:#ifndef bcmp
        -: 1664:#define bcmp(s1, s2, n)	memcmp ((s1), (s2), (n))
        -: 1665:#endif
        -: 1666:#ifndef bcopy
        -: 1667:#define bcopy(s, d, n)	memcpy ((d), (s), (n))
        -: 1668:#endif
        -: 1669:#ifndef bzero
        -: 1670:#define bzero(s, n)	memset ((s), 0, (n))
        -: 1671:#endif
        -: 1672:#else
        -: 1673:#if flag_strings==0
        -: 1674:#include <strings.h>
        -: 1675:#define flag_strings 1
        -: 1676:#endif
        -: 1677:#endif
        -: 1678:
        -: 1679:#ifdef STDC_HEADERS
        -: 1680:#if flag_stdlib==0 
        -: 1681:#include <stdlib.h>
        -: 1682:#define flag_stdlib 1
        -: 1683:#endif
        -: 1684:#else
        -: 1685:char *malloc ();
        -: 1686:char *realloc ();
        -: 1687:#endif
        -: 1688:
        -: 1689:
        -: 1690:/* Define the syntax stuff for \<, \>, etc.  */
        -: 1691:
        -: 1692:/* This must be nonzero for the wordchar and notwordchar pattern
        -: 1693:   commands in re_match_2.  */
        -: 1694:#ifndef Sword 
        -: 1695:#define Sword 1
        -: 1696:#endif
        -: 1697:
        -: 1698:#ifdef SYNTAX_TABLE
        -: 1699:
        -: 1700:extern char *re_syntax_table;
        -: 1701:
        -: 1702:#else /* not SYNTAX_TABLE */
        -: 1703:
        -: 1704:/* How many characters in the character set.  */
        -: 1705:#define CHAR_SET_SIZE 256
        -: 1706:
        -: 1707:static char re_syntax_table[CHAR_SET_SIZE];
        -: 1708:
        -: 1709:static void
    #####: 1710:init_syntax_once ()
        -: 1711:{
        -: 1712:   register int c;
        -: 1713:   static int done = 0;
        -: 1714:
    #####: 1715:   if (done)
    #####: 1716:     return;
        -: 1717:
    #####: 1718:   bzero (re_syntax_table, sizeof re_syntax_table);
        -: 1719:
    #####: 1720:   for (c = 'a'; c <= 'z'; c++)
    #####: 1721:     re_syntax_table[c] = Sword;
        -: 1722:
    #####: 1723:   for (c = 'A'; c <= 'Z'; c++)
    #####: 1724:     re_syntax_table[c] = Sword;
        -: 1725:
    #####: 1726:   for (c = '0'; c <= '9'; c++)
    #####: 1727:     re_syntax_table[c] = Sword;
        -: 1728:
    #####: 1729:   re_syntax_table['_'] = Sword;
        -: 1730:
    #####: 1731:   done = 1;
        -: 1732:}
        -: 1733:
        -: 1734:#endif /* not SYNTAX_TABLE */
        -: 1735:
        -: 1736:#define SYNTAX(c) re_syntax_table[c]
        -: 1737:
        -: 1738:#endif /* not emacs */
        -: 1739:
        -: 1740:/* Get the interface, including the syntax bits.  */
        -: 1741:#include "regex.h"
        -: 1742:
        -: 1743:/* isalpha etc. are used for the character classes.  */
        -: 1744:#include <ctype.h>
        -: 1745:
        -: 1746:/* Jim Meyering writes:
        -: 1747:
        -: 1748:   "... Some ctype macros are valid only for character codes that
        -: 1749:   isascii says are ASCII (SGI's IRIX-4.0.5 is one such system --when
        -: 1750:   using /bin/cc or gcc but without giving an ansi option).  So, all
        -: 1751:   ctype uses should be through macros like ISPRINT...  If
        -: 1752:   STDC_HEADERS is defined, then autoconf has verified that the ctype
        -: 1753:   macros don't need to be guarded with references to isascii. ...
        -: 1754:   Defining isascii to 1 should let any compiler worth its salt
        -: 1755:   eliminate the && through constant folding."  */
        -: 1756:#if ! defined (isascii) || defined (STDC_HEADERS)
        -: 1757:#undef isascii
        -: 1758:#define isascii(c) 1
        -: 1759:#endif
        -: 1760:
        -: 1761:#ifdef isblank
        -: 1762:#define ISBLANK(c) (isascii (c) && isblank (c))
        -: 1763:#else
        -: 1764:#define ISBLANK(c) ((c) == ' ' || (c) == '\t')
        -: 1765:#endif
        -: 1766:#ifdef isgraph
        -: 1767:#define ISGRAPH(c) (isascii (c) && isgraph (c))
        -: 1768:#else
        -: 1769:#define ISGRAPH(c) (isascii (c) && isprint (c) && !isspace (c))
        -: 1770:#endif
        -: 1771:
        -: 1772:#define ISPRINT(c) (isascii (c) && isprint (c))
        -: 1773:#define ISDIGIT(c) (isascii (c) && isdigit (c))
        -: 1774:#define ISALNUM(c) (isascii (c) && isalnum (c))
        -: 1775:#define ISALPHA(c) (isascii (c) && isalpha (c))
        -: 1776:#define ISCNTRL(c) (isascii (c) && iscntrl (c))
        -: 1777:#define ISLOWER(c) (isascii (c) && islower (c))
        -: 1778:#define ISPUNCT(c) (isascii (c) && ispunct (c))
        -: 1779:#define ISSPACE(c) (isascii (c) && isspace (c))
        -: 1780:#define ISUPPER(c) (isascii (c) && isupper (c))
        -: 1781:#define ISXDIGIT(c) (isascii (c) && isxdigit (c))
        -: 1782:
        -: 1783:#ifndef NULL
        -: 1784:#define NULL 0
        -: 1785:#endif
        -: 1786:
        -: 1787:/* We remove any previous definition of `SIGN_EXTEND_CHAR',
        -: 1788:   since ours (we hope) works properly with all combinations of
        -: 1789:   machines, compilers, `char' and `unsigned char' argument types.
        -: 1790:   (Per Bothner suggested the basic approach.)  */
        -: 1791:#undef SIGN_EXTEND_CHAR
        -: 1792:#if __STDC__
        -: 1793:#define SIGN_EXTEND_CHAR(c) ((signed char) (c))
        -: 1794:#else  /* not __STDC__ */
        -: 1795:/* As in Harbison and Steele.  */
        -: 1796:#define SIGN_EXTEND_CHAR(c) ((((unsigned char) (c)) ^ 128) - 128)
        -: 1797:#endif
        -: 1798:
        -: 1799:/* Should we use malloc or alloca?  If REGEX_MALLOC is not defined, we
        -: 1800:   use `alloca' instead of `malloc'.  This is because using malloc in
        -: 1801:   re_search* or re_match* could cause memory leaks when C-g is used in
        -: 1802:   Emacs; also, malloc is slower and causes storage fragmentation.  On
        -: 1803:   the other hand, malloc is more portable, and easier to debug.  
        -: 1804:   
        -: 1805:   Because we sometimes use alloca, some routines have to be macros,
        -: 1806:   not functions -- `alloca'-allocated space disappears at the end of the
        -: 1807:   function it is called in.  */
        -: 1808:
        -: 1809:#ifdef REGEX_MALLOC
        -: 1810:
        -: 1811:#define REGEX_ALLOCATE malloc
        -: 1812:#define REGEX_REALLOCATE(source, osize, nsize) realloc (source, nsize)
        -: 1813:
        -: 1814:#else /* not REGEX_MALLOC  */
        -: 1815:
        -: 1816:/* Emacs already defines alloca, sometimes.  */
        -: 1817:#ifndef alloca
        -: 1818:
        -: 1819:/* Make alloca work the best possible way.  */
        -: 1820:#ifdef __GNUC__
        -: 1821:#define alloca __builtin_alloca
        -: 1822:#else /* not __GNUC__ */
        -: 1823:#if HAVE_ALLOCA_H
        -: 1824:#if flag_alloca==0
        -: 1825:#include <alloca.h>
        -: 1826:#define flag_alloca 1
        -: 1827:#endif 
        -: 1828:#else /* not __GNUC__ or HAVE_ALLOCA_H */
        -: 1829:#ifndef _AIX /* Already did AIX, up at the top.  */
        -: 1830:char *alloca ();
        -: 1831:#endif /* not _AIX */
        -: 1832:#endif /* not HAVE_ALLOCA_H */ 
        -: 1833:#endif /* not __GNUC__ */
        -: 1834:
        -: 1835:#endif /* not alloca */
        -: 1836:
        -: 1837:#define REGEX_ALLOCATE alloca
        -: 1838:
        -: 1839:/* Assumes a `char *destination' variable.  */
        -: 1840:#define REGEX_REALLOCATE(source, osize, nsize)				\
        -: 1841:  (destination = (char *) alloca (nsize),				\
        -: 1842:   bcopy (source, destination, osize),					\
        -: 1843:   destination)
        -: 1844:
        -: 1845:#endif /* not REGEX_MALLOC */
        -: 1846:
        -: 1847:
        -: 1848:/* True if `size1' is non-NULL and PTR is pointing anywhere inside
        -: 1849:   `string1' or just past its end.  This works if PTR is NULL, which is
        -: 1850:   a good thing.  */
        -: 1851:#define FIRST_STRING_P(ptr) 					\
        -: 1852:  (size1 && string1 <= (ptr) && (ptr) <= string1 + size1)
        -: 1853:
        -: 1854:/* (Re)Allocate N items of type T using malloc, or fail.  */
        -: 1855:#define TALLOC(n, t) ((t *) malloc ((n) * sizeof (t)))
        -: 1856:#define RETALLOC(addr, n, t) ((addr) = (t *) realloc (addr, (n) * sizeof (t)))
        -: 1857:#define REGEX_TALLOC(n, t) ((t *) REGEX_ALLOCATE ((n) * sizeof (t)))
        -: 1858:
        -: 1859:#define BYTEWIDTH 8 /* In bits.  */
        -: 1860:
        -: 1861:#define STREQ(s1, s2) ((strcmp (s1, s2) == 0))
        -: 1862:
        -: 1863:#undef MAX               /****** added later *******/
        -: 1864:#define MAX(a, b) ((a) > (b) ? (a) : (b))
        -: 1865:#define MIN(a, b) ((a) < (b) ? (a) : (b))
        -: 1866:
        -: 1867:typedef char boolean;
        -: 1868:#define false 0
        -: 1869:#define true 1
        -: 1870:
        -: 1871:/* These are the command codes that appear in compiled regular
        -: 1872:   expressions.  Some opcodes are followed by argument bytes.  A
        -: 1873:   command code can specify any interpretation whatsoever for its
        -: 1874:   arguments.  Zero bytes may appear in the compiled regular expression.
        -: 1875:
        -: 1876:   The value of `exactn' is needed in search.c (search_buffer) in Emacs.
        -: 1877:   So regex.h defines a symbol `RE_EXACTN_VALUE' to be 1; the value of
        -: 1878:   `exactn' we use here must also be 1.  */
        -: 1879:
        -: 1880:typedef enum
        -: 1881:{
        -: 1882:  no_op = 0,
        -: 1883:
        -: 1884:        /* Followed by one byte giving n, then by n literal bytes.  */
        -: 1885:  exactn = 1,
        -: 1886:
        -: 1887:        /* Matches any (more or less) character.  */
        -: 1888:  anychar,
        -: 1889:
        -: 1890:        /* Matches any one char belonging to specified set.  First
        -: 1891:           following byte is number of bitmap bytes.  Then come bytes
        -: 1892:           for a bitmap saying which chars are in.  Bits in each byte
        -: 1893:           are ordered low-bit-first.  A character is in the set if its
        -: 1894:           bit is 1.  A character too large to have a bit in the map is
        -: 1895:           automatically not in the set.  */
        -: 1896:  charset,
        -: 1897:
        -: 1898:        /* Same parameters as charset, but match any character that is
        -: 1899:           not one of those specified.  */
        -: 1900:  charset_not,
        -: 1901:
        -: 1902:        /* Start remembering the text that is matched, for storing in a
        -: 1903:           register.  Followed by one byte with the register number, in
        -: 1904:           the range 0 to one less than the pattern buffer's re_nsub
        -: 1905:           field.  Then followed by one byte with the number of groups
        -: 1906:           inner to this one.  (This last has to be part of the
        -: 1907:           start_memory only because we need it in the on_failure_jump
        -: 1908:           of re_match_2.)  */
        -: 1909:  start_memory,
        -: 1910:
        -: 1911:        /* Stop remembering the text that is matched and store it in a
        -: 1912:           memory register.  Followed by one byte with the register
        -: 1913:           number, in the range 0 to one less than `re_nsub' in the
        -: 1914:           pattern buffer, and one byte with the number of inner groups,
        -: 1915:           just like `start_memory'.  (We need the number of inner
        -: 1916:           groups here because we don't have any easy way of finding the
        -: 1917:           corresponding start_memory when we're at a stop_memory.)  */
        -: 1918:  stop_memory,
        -: 1919:
        -: 1920:        /* Match a duplicate of something remembered. Followed by one
[...]
        -:10433:#endif /* 0 */
        -:10434:
        -:10435:#endif	/* _LIBC or not __GNU_LIBRARY__.  */
        -:10436:/* search.c - searching subroutines using dfa, kwset and regex for grep.
        -:10437:   Copyright (C) 1992 Free Software Foundation, Inc.
        -:10438:
        -:10439:   This program is free software; you can redistribute it and/or modify
        -:10440:   it under the terms of the GNU General Public License as published by
        -:10441:   the Free Software Foundation; either version 2, or (at your option)
        -:10442:   any later version.
        -:10443:
        -:10444:   This program is distributed in the hope that it will be useful,
        -:10445:   but WITHOUT ANY WARRANTY; without even the implied warranty of
        -:10446:   MERCHANTABILITY or FITNESS FOR A PARTICULAR PURPOSE.  See the
        -:10447:   GNU General Public License for more details.
        -:10448:
        -:10449:   You should have received a copy of the GNU General Public License
        -:10450:   along with this program; if not, write to the Free Software
        -:10451:   Foundation, Inc., 675 Mass Ave, Cambridge, MA 02139, USA.
        -:10452:
        -:10453:   Written August 1992 by Mike Haertel. */
        -:10454:
        -:10455:/*#include <ctype.h>*/
        -:10456:
        -:10457:#ifdef STDC_HEADERS
        -:10458:#if flag_limits==0
        -:10459:#undef RE_DUP_MAX
        -:10460:#include <limits.h>
        -:10461:#define flag_limits 1
        -:10462:#endif
        -:10463:#if flag_stdlib==0
        -:10464:#include <stdlib.h>
        -:10465:#define flag_stdlib 1
        -:10466:#endif
        -:10467:#else
        -:10468:#define UCHAR_MAX 255
        -:10469:#if flag_systypes==0
        -:10470:#include <sys/types.h>
        -:10471:#define flag_systypes 1
        -:10472:#endif
        -:10473:extern char *malloc();
        -:10474:#endif
        -:10475:
        -:10476:#ifdef HAVE_MEMCHR
        -:10477:#if flag_string==0
        -:10478:#include <string.h>
        -:10479:#define flag_string 1
        -:10480:#endif
        -:10481:#ifdef NEED_MEMORY_H
        -:10482:#if flag_memory==0
        -:10483:#include <memory.h>
        -:10484:#define flag_memory 1
        -:10485:#endif
        -:10486:#endif
        -:10487:#else
        -:10488:#ifdef __STDC__
        -:10489:extern void *memchr();
        -:10490:#else
        -:10491:extern char *memchr();
        -:10492:#endif
        -:10493:#endif
        -:10494:
        -:10495:#if defined(HAVE_STRING_H) || defined(STDC_HEADERS)
        -:10496:#undef bcopy
        -:10497:#define bcopy(s, d, n) memcpy((d), (s), (n))
        -:10498:#endif
        -:10499:
        -:10500:#ifdef isascii
        -:10501:#define ISALNUM(C) (isascii(C) && isalnum(C))
        -:10502:#define ISUPPER(C) (isascii(C) && isupper(C))
        -:10503:#else
        -:10504:#define ISALNUM(C) isalnum(C)
        -:10505:#define ISUPPER(C) isupper(C)
        -:10506:#endif
        -:10507:
        -:10508:#define TOLOWER(C) (ISUPPER(C) ? tolower(C) : (C))
        -:10509:
        -:10510:/*#include "grep.h"*/
        -:10511:/*#include "dfa.h"*/
        -:10512:/*#include "kwset.h"*/
        -:10513:/*#include "regex.h"*/
        -:10514:
        -:10515:#define NCHAR (UCHAR_MAX + 1)
        -:10516:
        -:10517:#if __STDC__
        -:10518:static void Gcompile(char *, size_t);
        -:10519:static void Ecompile(char *, size_t);
        -:10520:static char *EGexecute(char *, size_t, char **);
        -:10521:static void Fcompile(char *, size_t);
        -:10522:static char *Fexecute(char *, size_t, char **);
        -:10523:#else
        -:10524:static void Gcompile();
        -:10525:static void Ecompile();
        -:10526:static char *EGexecute();
        -:10527:static void Fcompile();
        -:10528:static char *Fexecute();
        -:10529:#endif
        -:10530:
        -:10531:/* Here is the matchers vector for the main program. */
        -:10532:struct matcher matchers[] = {
        -:10533:  { "default", Gcompile, EGexecute },
        -:10534:  { "grep", Gcompile, EGexecute },
        -:10535:  { "ggrep", Gcompile, EGexecute },
        -:10536:  { "egrep", Ecompile, EGexecute },
        -:10537:  { "posix-egrep", Ecompile, EGexecute },
        -:10538:  { "gegrep", Ecompile, EGexecute },
        -:10539:  { "fgrep", Fcompile, Fexecute },
        -:10540:  { "gfgrep", Fcompile, Fexecute },
        -:10541:  { 0, 0, 0 },
        -:10542:};
        -:10543:
        -:10544:/* For -w, we also consider _ to be word constituent.  */
        -:10545:#define WCHAR(C) (ISALNUM(C) || (C) == '_')
        -:10546:
        -:10547:/* DFA compiled regexp. */
        -:10548:static struct dfa dfa_1;
        -:10549:
        -:10550:/* Regex compiled regexp. */
        -:10551:static struct re_pattern_buffer regex;
        -:10552:
        -:10553:/* KWset compiled pattern.  For Ecompile and Gcompile, we compile
        -:10554:   a list of strings, at least one of which is known to occur in
        -:10555:   any string matching the regexp. */
        -:10556:static kwset_t kwset;
        -:10557:
        -:10558:/* Last compiled fixed string known to exactly match the regexp.
        -:10559:   If kwsexec() returns < lastexact, then we don't need to
        -:10560:   call the regexp matcher at all. */
        -:10561:static int lastexact;
        -:10562:
        -:10563:void
    #####:10564:dfaerror(mesg)
        -:10565:     char *mesg;
        -:10566:{
    #####:10567:  fatal(mesg, 0);
    #####:10568:}
        -:10569:
        -:10570:static void
    #####:10571:kwsinit()
        -:10572:{
        -:10573:  static char trans[NCHAR];
        -:10574:  int i;
        -:10575:
    #####:10576:  if (match_icase)
    #####:10577:    for (i = 0; i < NCHAR; ++i)
    #####:10578:      trans[i] = TOLOWER(i);
        -:10579:
    #####:10580:  if (!(kwset = kwsalloc(match_icase ? trans : (char *) 0)))
    #####:10581:    fatal("memory exhausted", 0);
    #####:10582:}  
        -:10583:
        -:10584:/* If the DFA turns out to have some set of fixed strings one of
        -:10585:   which must occur in the match, then we build a kwset matcher
        -:10586:   to find those strings, and thus quickly filter out impossible
        -:10587:   matches. */
        -:10588:static void
    #####:10589:kwsmusts()
        -:10590:{
        -:10591:  struct dfamust *dm;
        -:10592:  char *err;
        -:10593:
    #####:10594:  if (dfa_1.musts)
        -:10595:    {
    #####:10596:      kwsinit();
        -:10597:      /* First, we compile in the substrings known to be exact
        -:10598:	 matches.  The kwset matcher will return the index
        -:10599:	 of the matching string that it chooses. */
    #####:10600:      for (dm = dfa_1.musts; dm; dm = dm->next)
        -:10601:	{
    #####:10602:	  if (!dm->exact)
    #####:10603:	    continue;
    #####:10604:	  ++lastexact;
    #####:10605:	  if ((err = kwsincr(kwset, dm->must, strlen(dm->must))) != 0)
    #####:10606:	    fatal(err, 0);
        -:10607:	}
        -:10608:      /* Now, we compile the substrings that will require
        -:10609:	 the use of the regexp matcher.  */
    #####:10610:      for (dm = dfa_1.musts; dm; dm = dm->next)
        -:10611:	{
    #####:10612:	  if (dm->exact)
    #####:10613:	    continue;
    #####:10614:	  if ((err = kwsincr(kwset, dm->must, strlen(dm->must))) != 0)
    #####:10615:	    fatal(err, 0);
        -:10616:	}
    #####:10617:      if ((err = kwsprep(kwset)) != 0)
    #####:10618:	fatal(err, 0);
        -:10619:    }
    #####:10620:}
        -:10621:
        -:10622:static void
    #####:10623:Gcompile(pattern, size)
        -:10624:     char *pattern;
        -:10625:     size_t size;
        -:10626:{
        -:10627:#ifdef __STDC__
        -:10628:  const
        -:10629:#endif
        -:10630:  char *err;
        -:10631:
    #####:10632:  re_set_syntax(RE_SYNTAX_GREP | RE_HAT_LISTS_NOT_NEWLINE);
    #####:10633:  dfasyntax(RE_SYNTAX_GREP | RE_HAT_LISTS_NOT_NEWLINE, match_icase);
        -:10634:
    #####:10635:  if ((err = re_compile_pattern(pattern, size, &regex)) != 0)
    #####:10636:    fatal(err, 0);
        -:10637:
    #####:10638:  dfainit(&dfa_1);
        -:10639:
        -:10640:  /* In the match_words and match_lines cases, we use a different pattern
        -:10641:     for the DFA matcher that will quickly throw out cases that won't work.
        -:10642:     Then if DFA succeeds we do some hairy stuff using the regex matcher
        -:10643:     to decide whether the match should really count. */
    #####:10644:  if (match_words || match_lines)
    #####:10645:    {
        -:10646:      /* In the whole-word case, we use the pattern:
        -:10647:	 (^|[^A-Za-z_])(userpattern)([^A-Za-z_]|$).
        -:10648:	 In the whole-line case, we use the pattern:
        -:10649:	 ^(userpattern)$.
        -:10650:	 BUG: Using [A-Za-z_] is locale-dependent!  */
        -:10651:
    #####:10652:      char *n = malloc(size + 50);
    #####:10653:      int i = 0;
        -:10654:
    #####:10655:      strcpy(n, "");
        -:10656:
    #####:10657:      if (match_lines)
    #####:10658:	strcpy(n, "^\\(");
    #####:10659:      if (match_words)
    #####:10660:	strcpy(n, "\\(^\\|[^0-9A-Za-z_]\\)\\(");
        -:10661:
    #####:10662:      i = strlen(n);
    #####:10663:      bcopy(pattern, n + i, size);
    #####:10664:      i += size;
        -:10665:
    #####:10666:      if (match_words)
    #####:10667:	strcpy(n + i, "\\)\\([^0-9A-Za-z_]\\|$\\)");
    #####:10668:      if (match_lines)
    #####:10669:	strcpy(n + i, "\\)$");
        -:10670:
    #####:10671:      i += strlen(n + i);
    #####:10672:      dfacomp(n, i, &dfa_1, 1);
        -:10673:    }
        -:10674:  else
    #####:10675:    dfacomp(pattern, size, &dfa_1, 1);
        -:10676:
    #####:10677:  kwsmusts();
    #####:10678:}
        -:10679:
        -:10680:static void
    #####:10681:Ecompile(pattern, size)
        -:10682:     char *pattern;
        -:10683:     size_t size;
        -:10684:{
        -:10685:#ifdef __STDC__
        -:10686:  const
        -:10687:#endif
        -:10688:  char *err;
        -:10689:
    #####:10690:  if (strcmp(matcher, "posix-egrep") == 0)
        -:10691:    {
    #####:10692:      re_set_syntax(RE_SYNTAX_POSIX_EGREP);
    #####:10693:      dfasyntax(RE_SYNTAX_POSIX_EGREP, match_icase);
        -:10694:    }
        -:10695:  else
        -:10696:    {
    #####:10697:      re_set_syntax(RE_SYNTAX_EGREP);
    #####:10698:      dfasyntax(RE_SYNTAX_EGREP, match_icase);
        -:10699:    }
        -:10700:
    #####:10701:  if ((err = re_compile_pattern(pattern, size, &regex)) != 0)
    #####:10702:    fatal(err, 0);
        -:10703:
    #####:10704:  dfainit(&dfa_1);
        -:10705:
        -:10706:  /* In the match_words and match_lines cases, we use a different pattern
        -:10707:     for the DFA matcher that will quickly throw out cases that won't work.
        -:10708:     Then if DFA succeeds we do some hairy stuff using the regex matcher
        -:10709:     to decide whether the match should really count. */
    #####:10710:  if (match_words || match_lines)
    #####:10711:    {
        -:10712:      /* In the whole-word case, we use the pattern:
        -:10713:	 (^|[^A-Za-z_])(userpattern)([^A-Za-z_]|$).
        -:10714:	 In the whole-line case, we use the pattern:
        -:10715:	 ^(userpattern)$.
        -:10716:	 BUG: Using [A-Za-z_] is locale-dependent!  */
        -:10717:
    #####:10718:      char *n = malloc(size + 50);
    #####:10719:      int i = 0;
        -:10720:
    #####:10721:      strcpy(n, "");
        -:10722:
    #####:10723:      if (match_lines)
    #####:10724:	strcpy(n, "^(");
    #####:10725:      if (match_words)
    #####:10726:	strcpy(n, "(^|[^0-9A-Za-z_])(");
        -:10727:
    #####:10728:      i = strlen(n);
    #####:10729:      bcopy(pattern, n + i, size);
    #####:10730:      i += size;
        -:10731:
    #####:10732:      if (match_words)
    #####:10733:	strcpy(n + i, ")([^0-9A-Za-z_]|$)");
    #####:10734:      if (match_lines)
    #####:10735:	strcpy(n + i, ")$");
        -:10736:
    #####:10737:      i += strlen(n + i);
    #####:10738:      dfacomp(n, i, &dfa_1, 1);
        -:10739:    }
        -:10740:  else
    #####:10741:    dfacomp(pattern, size, &dfa_1, 1);
        -:10742:
    #####:10743:  kwsmusts();
    #####:10744:}
        -:10745:
        -:10746:static char *
    #####:10747:EGexecute(buf, size, endp)
        -:10748:     char *buf;
        -:10749:     size_t size;
        -:10750:     char **endp;
        -:10751:{
        -:10752:  register char *buflim, *beg, *end, save;
        -:10753:  int backref, start, len;
        -:10754:  struct kwsmatch kwsm;
        -:10755:  static struct re_registers regs; /* This is static on account of a BRAIN-DEAD
        -:10756:				    Q@#%!# library interface in regex.c.  */
        -:10757:
    #####:10758:  buflim = buf + size;
        -:10759:
    #####:10760:  for (beg = end = buf; end < buflim; beg = end + 1)
        -:10761:    {
    #####:10762:      if (kwset)
        -:10763:	{
        -:10764:	  /* Find a possible match using the KWset matcher. */
    #####:10765:	  beg = kwsexec(kwset, beg, buflim - beg, &kwsm);
    #####:10766:	  if (!beg)
    #####:10767:	    goto failure;
        -:10768:	  /* Narrow down to the line containing the candidate, and
        -:10769:	     run it through DFA. */
    #####:10770:	  end = memchr(beg, '\n', buflim - beg);
    #####:10771:	  if (!end)
    #####:10772:	    end = buflim;
    #####:10773:	  while (beg > buf && beg[-1] != '\n')
    #####:10774:	    --beg;
    #####:10775:	  save = *end;
    #####:10776:	  if (kwsm.index < lastexact)
    #####:10777:	    goto success;
    #####:10778:	  if (!dfaexec(&dfa_1, beg, end, 0, (int *) 0, &backref))
        -:10779:	    {
    #####:10780:	      *end = save;
    #####:10781:	      continue;
        -:10782:	    }
    #####:10783:	  *end = save;
        -:10784:	  /* Successful, no backreferences encountered. */
    #####:10785:	  if (!backref)
    #####:10786:	    goto success;
        -:10787:	}
        -:10788:      else
        -:10789:	{
        -:10790:	  /* No good fixed strings; start with DFA. */
    #####:10791:	  save = *buflim;
    #####:10792:	  beg = dfaexec(&dfa_1, beg, buflim, 0, (int *) 0, &backref);
    #####:10793:	  *buflim = save;
    #####:10794:	  if (!beg)
    #####:10795:	    goto failure;
        -:10796:	  /* Narrow down to the line we've found. */
    #####:10797:	  end = memchr(beg, '\n', buflim - beg);
    #####:10798:	  if (!end)
    #####:10799:	    end = buflim;
    #####:10800:	  while (beg > buf && beg[-1] != '\n')
    #####:10801:	    --beg;
        -:10802:	  /* Successful, no backreferences encountered! */
    #####:10803:	  if (!backref)
    #####:10804:	    goto success;
        -:10805:	}
        -:10806:      /* If we've made it to this point, this means DFA has seen
        -:10807:	 a probable match, and we need to run it through Regex. */
    #####:10808:      regex.not_eol = 0;
    #####:10809:      if ((start = re_search(&regex, beg, end - beg, 0, end - beg, &regs)) >= 0)
        -:10810:	{
    #####:10811:	  len = regs.end[0] - start;
    #####:10812:	  if (!match_lines && !match_words || match_lines && len == end - beg)
        -:10813:	    goto success;
        -:10814:	  /* If -w, check if the match aligns with word boundaries.
        -:10815:	     We do this iteratively because:
        -:10816:	     (a) the line may contain more than one occurence of the pattern, and
        -:10817:	     (b) Several alternatives in the pattern might be valid at a given
        -:10818:	     point, and we may need to consider a shorter one to find a word
        -:10819:	     boundary. */
    #####:10820:	  if (match_words)
    #####:10821:	    while (start >= 0)
        -:10822:	      {
    #####:10823:		if ((start == 0 || !WCHAR(beg[start - 1]))
    #####:10824:		    && (len == end - beg || !WCHAR(beg[start + len])))
        -:10825:		  goto success;
    #####:10826:		if (len > 0)
        -:10827:		  {
        -:10828:		    /* Try a shorter length anchored at the same place. */
    #####:10829:		    --len;
    #####:10830:		    regex.not_eol = 1;
    #####:10831:		    len = re_match(&regex, beg, start + len, start, &regs);
        -:10832:		  }
    #####:10833:		if (len <= 0)
        -:10834:		  {
        -:10835:		    /* Try looking further on. */
    #####:10836:		    if (start == end - beg)
    #####:10837:		      break;
    #####:10838:		    ++start;
    #####:10839:		    regex.not_eol = 0;
    #####:10840:		    start = re_search(&regex, beg, end - beg,
    #####:10841:				      start, end - beg - start, &regs);
    #####:10842:		    len = regs.end[0] - start;
        -:10843:		  }
        -:10844:	      }
        -:10845:	}
        -:10846:    }
        -:10847:
        -:10848: failure:
    #####:10849:  return 0;
        -:10850:
        -:10851: success:
    #####:10852:  *endp = end < buflim ? end + 1 : end;
    #####:10853:  return beg;
        -:10854:}
        -:10855:
        -:10856:static void
    #####:10857:Fcompile(pattern, size)
        -:10858:     char *pattern;
        -:10859:     size_t size;
        -:10860:{
        -:10861:  char *beg, *lim, *err;
        -:10862:
    #####:10863:  kwsinit();
    #####:10864:  beg = pattern;
        -:10865:  do
        -:10866:    {
    #####:10867:      for (lim = beg; lim < pattern + size && *lim != '\n'; ++lim)
        -:10868:	;
    #####:10869:      if ((err = kwsincr(kwset, beg, lim - beg)) != 0)
    #####:10870:	fatal(err, 0);
    #####:10871:      if (lim < pattern + size)
    #####:10872:	++lim;
    #####:10873:      beg = lim;
        -:10874:    }
    #####:10875:  while (beg < pattern + size);
        -:10876:
    #####:10877:  if ((err = kwsprep(kwset)) != 0)
    #####:10878:    fatal(err, 0);
    #####:10879:}
        -:10880:
        -:10881:static char *
    #####:10882:Fexecute(buf, size, endp)
        -:10883:     char *buf;
        -:10884:     size_t size;
        -:10885:     char **endp;
        -:10886:{
        -:10887:  register char *beg, *try, *end;
        -:10888:  register size_t len;
        -:10889:  struct kwsmatch kwsmatch;
        -:10890:
    #####:10891:  for (beg = buf; beg <= buf + size; ++beg)
        -:10892:    {
    #####:10893:      if (!(beg = kwsexec(kwset, beg, buf + size - beg, &kwsmatch)))
    #####:10894:	return 0;
    #####:10895:      len = kwsmatch.size[0];
    #####:10896:      if (match_lines)
        -:10897:	{
    #####:10898:	  if (beg > buf && beg[-1] != '\n')
    #####:10899:	    continue;
    #####:10900:	  if (beg + len < buf + size && beg[len] != '\n')
    #####:10901:	    continue;
    #####:10902:	  goto success;
        -:10903:	}
    #####:10904:      else if (match_words)
    #####:10905:	for (try = beg; len && try;)
        -:10906:	  {
    #####:10907:	    if (try > buf && WCHAR((unsigned char) try[-1]))
        -:10908:	      break;
    #####:10909:	    if (try + len < buf + size && WCHAR((unsigned char) try[len]))
        -:10910:	      {
    #####:10911:		try = kwsexec(kwset, beg, --len, &kwsmatch);
    #####:10912:		len = kwsmatch.size[0];
        -:10913:	      }
        -:10914:	    else
        -:10915:	      goto success;
        -:10916:	  }
        -:10917:      else
    #####:10918:	goto success;
        -:10919:    }
        -:10920:
    #####:10921:  return 0;
        -:10922:
        -:10923: success:
    #####:10924:  if ((end = memchr(beg + len, '\n', (buf + size) - (beg + len))) != 0)
    #####:10925:    ++end;
        -:10926:  else
    #####:10927:    end = buf + size;
    #####:10928:  *endp = end;
    #####:10929:  while (beg > buf && beg[-1] != '\n')
    #####:10930:    --beg;
    #####:10931:  return beg;
        -:10932:}
